{"/Users/johanneshoppe/Work/ordpool/ordpool-sdk/src/network.ts": {"path":"/Users/johanneshoppe/Work/ordpool/ordpool-sdk/src/network.ts","statementMap":{"0":{"start":{"line":63,"column":0},"end":{"line":63,"column":16}},"1":{"start":{"line":79,"column":0},"end":{"line":79,"column":16}},"2":{"start":{"line":101,"column":0},"end":{"line":101,"column":16}},"3":{"start":{"line":1,"column":0},"end":{"line":1,"column":41}},"4":{"start":{"line":17,"column":27},"end":{"line":23,"column":11}},"5":{"start":{"line":35,"column":0},"end":{"line":35,"column":null}},"6":{"start":{"line":36,"column":2},"end":{"line":36,"column":null}},"7":{"start":{"line":37,"column":2},"end":{"line":37,"column":null}},"8":{"start":{"line":38,"column":2},"end":{"line":38,"column":null}},"9":{"start":{"line":39,"column":2},"end":{"line":39,"column":null}},"10":{"start":{"line":40,"column":2},"end":{"line":40,"column":null}},"11":{"start":{"line":50,"column":44},"end":{"line":55,"column":2}},"12":{"start":{"line":64,"column":2},"end":{"line":64,"column":54}},"13":{"start":{"line":64,"column":35},"end":{"line":64,"column":54}},"14":{"start":{"line":65,"column":2},"end":{"line":65,"column":58}},"15":{"start":{"line":65,"column":35},"end":{"line":65,"column":58}},"16":{"start":{"line":66,"column":2},"end":{"line":66,"column":26}},"17":{"start":{"line":80,"column":2},"end":{"line":80,"column":71}},"18":{"start":{"line":80,"column":37},"end":{"line":80,"column":71}},"19":{"start":{"line":81,"column":2},"end":{"line":81,"column":71}},"20":{"start":{"line":81,"column":37},"end":{"line":81,"column":71}},"21":{"start":{"line":82,"column":2},"end":{"line":82,"column":72}},"22":{"start":{"line":82,"column":37},"end":{"line":82,"column":72}},"23":{"start":{"line":83,"column":2},"end":{"line":83,"column":70}},"24":{"start":{"line":83,"column":37},"end":{"line":83,"column":70}},"25":{"start":{"line":84,"column":2},"end":{"line":84,"column":71}},"26":{"start":{"line":84,"column":37},"end":{"line":84,"column":71}},"27":{"start":{"line":85,"column":2},"end":{"line":85,"column":61}},"28":{"start":{"line":102,"column":2},"end":{"line":107,"column":3}},"29":{"start":{"line":103,"column":26},"end":{"line":103,"column":43}},"30":{"start":{"line":104,"column":25},"end":{"line":104,"column":41}},"31":{"start":{"line":105,"column":26},"end":{"line":105,"column":43}},"32":{"start":{"line":106,"column":13},"end":{"line":106,"column":30}}},"fnMap":{"0":{"name":"(anonymous_9)","decl":{"start":{"line":35,"column":0},"end":{"line":35,"column":12}},"loc":{"start":{"line":35,"column":19},"end":{"line":41,"column":1}}},"1":{"name":"toScureNetwork","decl":{"start":{"line":63,"column":16},"end":{"line":63,"column":30}},"loc":{"start":{"line":63,"column":47},"end":{"line":67,"column":1}}},"2":{"name":"toBitcoinNetworkType","decl":{"start":{"line":79,"column":16},"end":{"line":79,"column":36}},"loc":{"start":{"line":79,"column":53},"end":{"line":86,"column":1}}},"3":{"name":"toLeatherNetworkString","decl":{"start":{"line":101,"column":16},"end":{"line":101,"column":38}},"loc":{"start":{"line":101,"column":55},"end":{"line":108,"column":1}}}},"branchMap":{"0":{"loc":{"start":{"line":35,"column":12},"end":{"line":35,"column":null}},"type":"binary-expr","locations":[{"start":{"line":35,"column":12},"end":{"line":35,"column":19}},{"start":{"line":35,"column":19},"end":{"line":35,"column":null}}]},"1":{"loc":{"start":{"line":64,"column":2},"end":{"line":64,"column":54}},"type":"if","locations":[{"start":{"line":64,"column":2},"end":{"line":64,"column":54}},{"start":{},"end":{}}]},"2":{"loc":{"start":{"line":65,"column":2},"end":{"line":65,"column":58}},"type":"if","locations":[{"start":{"line":65,"column":2},"end":{"line":65,"column":58}},{"start":{},"end":{}}]},"3":{"loc":{"start":{"line":80,"column":2},"end":{"line":80,"column":71}},"type":"if","locations":[{"start":{"line":80,"column":2},"end":{"line":80,"column":71}},{"start":{},"end":{}}]},"4":{"loc":{"start":{"line":81,"column":2},"end":{"line":81,"column":71}},"type":"if","locations":[{"start":{"line":81,"column":2},"end":{"line":81,"column":71}},{"start":{},"end":{}}]},"5":{"loc":{"start":{"line":82,"column":2},"end":{"line":82,"column":72}},"type":"if","locations":[{"start":{"line":82,"column":2},"end":{"line":82,"column":72}},{"start":{},"end":{}}]},"6":{"loc":{"start":{"line":83,"column":2},"end":{"line":83,"column":70}},"type":"if","locations":[{"start":{"line":83,"column":2},"end":{"line":83,"column":70}},{"start":{},"end":{}}]},"7":{"loc":{"start":{"line":84,"column":2},"end":{"line":84,"column":71}},"type":"if","locations":[{"start":{"line":84,"column":2},"end":{"line":84,"column":71}},{"start":{},"end":{}}]},"8":{"loc":{"start":{"line":102,"column":2},"end":{"line":107,"column":3}},"type":"switch","locations":[{"start":{"line":103,"column":4},"end":{"line":103,"column":43}},{"start":{"line":104,"column":4},"end":{"line":104,"column":41}},{"start":{"line":105,"column":4},"end":{"line":105,"column":43}},{"start":{"line":106,"column":4},"end":{"line":106,"column":30}}]}},"s":{"0":59,"1":59,"2":59,"3":59,"4":59,"5":59,"6":59,"7":59,"8":59,"9":59,"10":59,"11":59,"12":4155,"13":4048,"14":107,"15":17,"16":90,"17":10,"18":5,"19":5,"20":1,"21":4,"22":2,"23":2,"24":1,"25":1,"26":1,"27":0,"28":16,"29":10,"30":1,"31":1,"32":4},"f":{"0":59,"1":4155,"2":10,"3":16},"b":{"0":[59,59],"1":[4048,107],"2":[17,90],"3":[5,5],"4":[1,4],"5":[2,2],"6":[1,1],"7":[1,0],"8":[10,1,1,4]}}
,"/Users/johanneshoppe/Work/ordpool/ordpool-sdk/src/agent-mode/agent-policy.helper.ts": {"path":"/Users/johanneshoppe/Work/ordpool/ordpool-sdk/src/agent-mode/agent-policy.helper.ts","statementMap":{"0":{"start":{"line":23,"column":0},"end":{"line":23,"column":16}},"1":{"start":{"line":62,"column":0},"end":{"line":62,"column":16}},"2":{"start":{"line":27,"column":2},"end":{"line":29,"column":3}},"3":{"start":{"line":28,"column":4},"end":{"line":28,"column":34}},"4":{"start":{"line":30,"column":2},"end":{"line":30,"column":49}},"5":{"start":{"line":78,"column":4},"end":{"line":88,"column":13}},"6":{"start":{"line":89,"column":2},"end":{"line":89,"column":43}},"7":{"start":{"line":89,"column":26},"end":{"line":89,"column":43}},"8":{"start":{"line":91,"column":2},"end":{"line":96,"column":3}},"9":{"start":{"line":92,"column":4},"end":{"line":95,"column":6}},"10":{"start":{"line":97,"column":2},"end":{"line":102,"column":3}},"11":{"start":{"line":98,"column":4},"end":{"line":101,"column":6}},"12":{"start":{"line":103,"column":2},"end":{"line":108,"column":3}},"13":{"start":{"line":104,"column":4},"end":{"line":107,"column":6}},"14":{"start":{"line":109,"column":2},"end":{"line":117,"column":3}},"15":{"start":{"line":110,"column":25},"end":{"line":110,"column":53}},"16":{"start":{"line":111,"column":4},"end":{"line":116,"column":5}},"17":{"start":{"line":112,"column":6},"end":{"line":115,"column":8}},"18":{"start":{"line":136,"column":2},"end":{"line":143,"column":3}},"19":{"start":{"line":137,"column":4},"end":{"line":142,"column":5}},"20":{"start":{"line":141,"column":6},"end":{"line":141,"column":110}},"21":{"start":{"line":144,"column":2},"end":{"line":144,"column":27}},"22":{"start":{"line":153,"column":2},"end":{"line":158,"column":3}},"23":{"start":{"line":154,"column":4},"end":{"line":157,"column":6}},"24":{"start":{"line":159,"column":2},"end":{"line":159,"column":14}},"25":{"start":{"line":163,"column":2},"end":{"line":163,"column":44}}},"fnMap":{"0":{"name":"evaluateAgentPolicy","decl":{"start":{"line":23,"column":16},"end":{"line":23,"column":35}},"loc":{"start":{"line":25,"column":28},"end":{"line":31,"column":1}}},"1":{"name":"evaluateAgentPolicyCaps","decl":{"start":{"line":62,"column":16},"end":{"line":62,"column":39}},"loc":{"start":{"line":64,"column":28},"end":{"line":145,"column":1}}},"2":{"name":"ensureFiniteNonNeg","decl":{"start":{"line":152,"column":9},"end":{"line":152,"column":27}},"loc":{"start":{"line":152,"column":61},"end":{"line":160,"column":1}}},"3":{"name":"deny","decl":{"start":{"line":162,"column":9},"end":{"line":162,"column":13}},"loc":{"start":{"line":162,"column":60},"end":{"line":164,"column":1}}}},"branchMap":{"0":{"loc":{"start":{"line":27,"column":2},"end":{"line":29,"column":3}},"type":"if","locations":[{"start":{"line":27,"column":2},"end":{"line":29,"column":3}},{"start":{},"end":{}}]},"1":{"loc":{"start":{"line":78,"column":4},"end":{"line":88,"column":13}},"type":"binary-expr","locations":[{"start":{"line":78,"column":4},"end":{"line":78,"column":60}},{"start":{"line":79,"column":7},"end":{"line":79,"column":73}},{"start":{"line":80,"column":7},"end":{"line":80,"column":81}},{"start":{"line":81,"column":7},"end":{"line":81,"column":87}},{"start":{"line":82,"column":7},"end":{"line":82,"column":69}},{"start":{"line":83,"column":7},"end":{"line":83,"column":87}},{"start":{"line":84,"column":7},"end":{"line":84,"column":85}},{"start":{"line":85,"column":8},"end":{"line":88,"column":12}}]},"2":{"loc":{"start":{"line":85,"column":8},"end":{"line":88,"column":12}},"type":"cond-expr","locations":[{"start":{"line":87,"column":8},"end":{"line":87,"column":83}},{"start":{"line":88,"column":8},"end":{"line":88,"column":12}}]},"3":{"loc":{"start":{"line":85,"column":8},"end":{"line":85,"column":84}},"type":"binary-expr","locations":[{"start":{"line":85,"column":8},"end":{"line":85,"column":44}},{"start":{"line":85,"column":48},"end":{"line":85,"column":84}}]},"4":{"loc":{"start":{"line":87,"column":54},"end":{"line":87,"column":82}},"type":"binary-expr","locations":[{"start":{"line":87,"column":54},"end":{"line":87,"column":77}},{"start":{"line":87,"column":81},"end":{"line":87,"column":82}}]},"5":{"loc":{"start":{"line":89,"column":2},"end":{"line":89,"column":43}},"type":"if","locations":[{"start":{"line":89,"column":2},"end":{"line":89,"column":43}},{"start":{},"end":{}}]},"6":{"loc":{"start":{"line":91,"column":2},"end":{"line":96,"column":3}},"type":"if","locations":[{"start":{"line":91,"column":2},"end":{"line":96,"column":3}},{"start":{},"end":{}}]},"7":{"loc":{"start":{"line":97,"column":2},"end":{"line":102,"column":3}},"type":"if","locations":[{"start":{"line":97,"column":2},"end":{"line":102,"column":3}},{"start":{},"end":{}}]},"8":{"loc":{"start":{"line":103,"column":2},"end":{"line":108,"column":3}},"type":"if","locations":[{"start":{"line":103,"column":2},"end":{"line":108,"column":3}},{"start":{},"end":{}}]},"9":{"loc":{"start":{"line":109,"column":2},"end":{"line":117,"column":3}},"type":"if","locations":[{"start":{"line":109,"column":2},"end":{"line":117,"column":3}},{"start":{},"end":{}}]},"10":{"loc":{"start":{"line":109,"column":6},"end":{"line":109,"column":82}},"type":"binary-expr","locations":[{"start":{"line":109,"column":6},"end":{"line":109,"column":42}},{"start":{"line":109,"column":46},"end":{"line":109,"column":82}}]},"11":{"loc":{"start":{"line":110,"column":25},"end":{"line":110,"column":53}},"type":"binary-expr","locations":[{"start":{"line":110,"column":25},"end":{"line":110,"column":48}},{"start":{"line":110,"column":52},"end":{"line":110,"column":53}}]},"12":{"loc":{"start":{"line":111,"column":4},"end":{"line":116,"column":5}},"type":"if","locations":[{"start":{"line":111,"column":4},"end":{"line":116,"column":5}},{"start":{},"end":{}}]},"13":{"loc":{"start":{"line":136,"column":2},"end":{"line":143,"column":3}},"type":"if","locations":[{"start":{"line":136,"column":2},"end":{"line":143,"column":3}},{"start":{},"end":{}}]},"14":{"loc":{"start":{"line":136,"column":6},"end":{"line":136,"column":77}},"type":"binary-expr","locations":[{"start":{"line":136,"column":6},"end":{"line":136,"column":45}},{"start":{"line":136,"column":49},"end":{"line":136,"column":77}}]},"15":{"loc":{"start":{"line":137,"column":4},"end":{"line":142,"column":5}},"type":"if","locations":[{"start":{"line":137,"column":4},"end":{"line":142,"column":5}},{"start":{},"end":{}}]},"16":{"loc":{"start":{"line":138,"column":6},"end":{"line":139,"column":72}},"type":"binary-expr","locations":[{"start":{"line":138,"column":6},"end":{"line":138,"column":46}},{"start":{"line":139,"column":6},"end":{"line":139,"column":72}}]},"17":{"loc":{"start":{"line":141,"column":46},"end":{"line":141,"column":108}},"type":"binary-expr","locations":[{"start":{"line":141,"column":46},"end":{"line":141,"column":72}},{"start":{"line":141,"column":76},"end":{"line":141,"column":108}}]},"18":{"loc":{"start":{"line":153,"column":2},"end":{"line":158,"column":3}},"type":"if","locations":[{"start":{"line":153,"column":2},"end":{"line":158,"column":3}},{"start":{},"end":{}}]},"19":{"loc":{"start":{"line":153,"column":6},"end":{"line":153,"column":71}},"type":"binary-expr","locations":[{"start":{"line":153,"column":6},"end":{"line":153,"column":31}},{"start":{"line":153,"column":35},"end":{"line":153,"column":58}},{"start":{"line":153,"column":62},"end":{"line":153,"column":71}}]}},"s":{"0":1,"1":1,"2":58,"3":3,"4":55,"5":62,"6":62,"7":15,"8":47,"9":5,"10":42,"11":3,"12":39,"13":3,"14":36,"15":15,"16":15,"17":6,"18":30,"19":10,"20":8,"21":22,"22":398,"23":15,"24":383,"25":43},"f":{"0":58,"1":62,"2":398,"3":43},"b":{"0":[3,55],"1":[62,58,56,54,52,50,49,48],"2":[17,31],"3":[48,38],"4":[17,2],"5":[15,47],"6":[5,42],"7":[3,39],"8":[3,36],"9":[15,21],"10":[36,28],"11":[15,2],"12":[6,9],"13":[10,20],"14":[30,11],"15":[8,2],"16":[10,6],"17":[8,4],"18":[15,383],"19":[398,398,387]}}
,"/Users/johanneshoppe/Work/ordpool/ordpool-sdk/src/cat21-broadcast/broadcast.helper.ts": {"path":"/Users/johanneshoppe/Work/ordpool/ordpool-sdk/src/cat21-broadcast/broadcast.helper.ts","statementMap":{"0":{"start":{"line":81,"column":0},"end":{"line":81,"column":16}},"1":{"start":{"line":122,"column":0},"end":{"line":122,"column":7}},"2":{"start":{"line":1,"column":0},"end":{"line":1,"column":57}},"3":{"start":{"line":13,"column":13},"end":{"line":13,"column":48}},"4":{"start":{"line":85,"column":2},"end":{"line":90,"column":3}},"5":{"start":{"line":86,"column":4},"end":{"line":89,"column":6}},"6":{"start":{"line":91,"column":2},"end":{"line":96,"column":3}},"7":{"start":{"line":92,"column":4},"end":{"line":95,"column":6}},"8":{"start":{"line":97,"column":2},"end":{"line":100,"column":4}},"9":{"start":{"line":127,"column":19},"end":{"line":127,"column":57}},"10":{"start":{"line":129,"column":2},"end":{"line":137,"column":3}},"11":{"start":{"line":130,"column":16},"end":{"line":135,"column":6}},"12":{"start":{"line":136,"column":4},"end":{"line":136,"column":53}},"13":{"start":{"line":139,"column":15},"end":{"line":139,"column":51}},"14":{"start":{"line":140,"column":2},"end":{"line":140,"column":38}}},"fnMap":{"0":{"name":"decideBroadcastChannel","decl":{"start":{"line":81,"column":16},"end":{"line":81,"column":38}},"loc":{"start":{"line":83,"column":37},"end":{"line":101,"column":1}}},"1":{"name":"broadcastCat21","decl":{"start":{"line":122,"column":22},"end":{"line":122,"column":36}},"loc":{"start":{"line":125,"column":37},"end":{"line":141,"column":1}}}},"branchMap":{"0":{"loc":{"start":{"line":83,"column":2},"end":{"line":83,"column":37}},"type":"default-arg","locations":[{"start":{"line":83,"column":35},"end":{"line":83,"column":37}}]},"1":{"loc":{"start":{"line":85,"column":2},"end":{"line":90,"column":3}},"type":"if","locations":[{"start":{"line":85,"column":2},"end":{"line":90,"column":3}},{"start":{},"end":{}}]},"2":{"loc":{"start":{"line":91,"column":2},"end":{"line":96,"column":3}},"type":"if","locations":[{"start":{"line":91,"column":2},"end":{"line":96,"column":3}},{"start":{},"end":{}}]},"3":{"loc":{"start":{"line":125,"column":2},"end":{"line":125,"column":37}},"type":"default-arg","locations":[{"start":{"line":125,"column":35},"end":{"line":125,"column":37}}]},"4":{"loc":{"start":{"line":129,"column":2},"end":{"line":137,"column":3}},"type":"if","locations":[{"start":{"line":129,"column":2},"end":{"line":137,"column":3}},{"start":{},"end":{}}]}},"s":{"0":2,"1":2,"2":2,"3":2,"4":12,"5":2,"6":10,"7":6,"8":4,"9":8,"10":8,"11":6,"12":5,"13":2,"14":1},"f":{"0":12,"1":8},"b":{"0":[3],"1":[2,10],"2":[6,4],"3":[0],"4":[6,2]}}
,"/Users/johanneshoppe/Work/ordpool/ordpool-sdk/src/cat21-broadcast/slipstream.helper.ts": {"path":"/Users/johanneshoppe/Work/ordpool/ordpool-sdk/src/cat21-broadcast/slipstream.helper.ts","statementMap":{"0":{"start":{"line":116,"column":0},"end":{"line":116,"column":7}},"1":{"start":{"line":68,"column":13},"end":{"line":68,"column":73}},"2":{"start":{"line":71,"column":13},"end":{"line":71,"column":58}},"3":{"start":{"line":74,"column":13},"end":{"line":74,"column":49}},"4":{"start":{"line":120,"column":2},"end":{"line":122,"column":3}},"5":{"start":{"line":121,"column":4},"end":{"line":121,"column":59}},"6":{"start":{"line":124,"column":14},"end":{"line":124,"column":90}},"7":{"start":{"line":125,"column":18},"end":{"line":125,"column":44}},"8":{"start":{"line":127,"column":42},"end":{"line":127,"column":80}},"9":{"start":{"line":128,"column":2},"end":{"line":130,"column":3}},"10":{"start":{"line":129,"column":4},"end":{"line":129,"column":60}},"11":{"start":{"line":132,"column":14},"end":{"line":137,"column":4}},"12":{"start":{"line":139,"column":2},"end":{"line":151,"column":3}},"13":{"start":{"line":140,"column":17},"end":{"line":140,"column":40}},"14":{"start":{"line":143,"column":17},"end":{"line":143,"column":39}},"15":{"start":{"line":144,"column":4},"end":{"line":149,"column":5}},"16":{"start":{"line":145,"column":21},"end":{"line":145,"column":69}},"17":{"start":{"line":146,"column":6},"end":{"line":146,"column":80}},"18":{"start":{"line":146,"column":56},"end":{"line":146,"column":80}},"19":{"start":{"line":150,"column":4},"end":{"line":150,"column":89}},"20":{"start":{"line":153,"column":24},"end":{"line":153,"column":40}},"21":{"start":{"line":154,"column":2},"end":{"line":156,"column":3}},"22":{"start":{"line":155,"column":4},"end":{"line":155,"column":85}},"23":{"start":{"line":157,"column":2},"end":{"line":157,"column":14}},"24":{"start":{"line":161,"column":2},"end":{"line":166,"column":4}},"25":{"start":{"line":170,"column":2},"end":{"line":174,"column":3}},"26":{"start":{"line":171,"column":4},"end":{"line":171,"column":28}},"27":{"start":{"line":173,"column":4},"end":{"line":173,"column":14}}},"fnMap":{"0":{"name":"submitToSlipstream","decl":{"start":{"line":116,"column":22},"end":{"line":116,"column":40}},"loc":{"start":{"line":118,"column":41},"end":{"line":158,"column":1}}},"1":{"name":"isSlipstreamSubmitResponse","decl":{"start":{"line":160,"column":9},"end":{"line":160,"column":35}},"loc":{"start":{"line":160,"column":49},"end":{"line":167,"column":1}}},"2":{"name":"safeReadText","decl":{"start":{"line":169,"column":15},"end":{"line":169,"column":27}},"loc":{"start":{"line":169,"column":41},"end":{"line":175,"column":1}}}},"branchMap":{"0":{"loc":{"start":{"line":118,"column":2},"end":{"line":118,"column":41}},"type":"default-arg","locations":[{"start":{"line":118,"column":39},"end":{"line":118,"column":41}}]},"1":{"loc":{"start":{"line":120,"column":2},"end":{"line":122,"column":3}},"type":"if","locations":[{"start":{"line":120,"column":2},"end":{"line":122,"column":3}},{"start":{},"end":{}}]},"2":{"loc":{"start":{"line":120,"column":6},"end":{"line":120,"column":47}},"type":"binary-expr","locations":[{"start":{"line":120,"column":6},"end":{"line":120,"column":15}},{"start":{"line":120,"column":19},"end":{"line":120,"column":47}}]},"3":{"loc":{"start":{"line":124,"column":17},"end":{"line":124,"column":63}},"type":"binary-expr","locations":[{"start":{"line":124,"column":17},"end":{"line":124,"column":32}},{"start":{"line":124,"column":36},"end":{"line":124,"column":63}}]},"4":{"loc":{"start":{"line":125,"column":18},"end":{"line":125,"column":44}},"type":"binary-expr","locations":[{"start":{"line":125,"column":18},"end":{"line":125,"column":35}},{"start":{"line":125,"column":39},"end":{"line":125,"column":44}}]},"5":{"loc":{"start":{"line":128,"column":2},"end":{"line":130,"column":3}},"type":"if","locations":[{"start":{"line":128,"column":2},"end":{"line":130,"column":3}},{"start":{},"end":{}}]},"6":{"loc":{"start":{"line":139,"column":2},"end":{"line":151,"column":3}},"type":"if","locations":[{"start":{"line":139,"column":2},"end":{"line":151,"column":3}},{"start":{},"end":{}}]},"7":{"loc":{"start":{"line":143,"column":17},"end":{"line":143,"column":39}},"type":"binary-expr","locations":[{"start":{"line":143,"column":17},"end":{"line":143,"column":21}},{"start":{"line":143,"column":25},"end":{"line":143,"column":39}}]},"8":{"loc":{"start":{"line":146,"column":6},"end":{"line":146,"column":80}},"type":"if","locations":[{"start":{"line":146,"column":6},"end":{"line":146,"column":80}},{"start":{},"end":{}}]},"9":{"loc":{"start":{"line":146,"column":10},"end":{"line":146,"column":54}},"type":"binary-expr","locations":[{"start":{"line":146,"column":10},"end":{"line":146,"column":16}},{"start":{"line":146,"column":20},"end":{"line":146,"column":54}}]},"10":{"loc":{"start":{"line":154,"column":2},"end":{"line":156,"column":3}},"type":"if","locations":[{"start":{"line":154,"column":2},"end":{"line":156,"column":3}},{"start":{},"end":{}}]},"11":{"loc":{"start":{"line":162,"column":4},"end":{"line":165,"column":46}},"type":"binary-expr","locations":[{"start":{"line":162,"column":4},"end":{"line":162,"column":28}},{"start":{"line":163,"column":4},"end":{"line":163,"column":17}},{"start":{"line":164,"column":4},"end":{"line":164,"column":57}},{"start":{"line":165,"column":5},"end":{"line":165,"column":46}}]}},"s":{"0":3,"1":3,"2":3,"3":3,"4":17,"5":1,"6":16,"7":16,"8":16,"9":16,"10":2,"11":16,"12":16,"13":3,"14":3,"15":3,"16":3,"17":1,"18":1,"19":3,"20":13,"21":13,"22":2,"23":11,"24":13,"25":3,"26":3,"27":0},"f":{"0":17,"1":13,"2":3},"b":{"0":[1],"1":[1,16],"2":[17,16],"3":[16,14],"4":[16,0],"5":[2,14],"6":[3,13],"7":[3,0],"8":[1,0],"9":[1,1],"10":[2,11],"11":[13,13,13,12]}}
,"/Users/johanneshoppe/Work/ordpool/ordpool-sdk/src/cat21-core/accept-offer.core.ts": {"path":"/Users/johanneshoppe/Work/ordpool/ordpool-sdk/src/cat21-core/accept-offer.core.ts","statementMap":{"0":{"start":{"line":40,"column":0},"end":{"line":40,"column":16}},"1":{"start":{"line":57,"column":0},"end":{"line":57,"column":7}},"2":{"start":{"line":1,"column":0},"end":{"line":1,"column":44}},"3":{"start":{"line":6,"column":0},"end":{"line":6,"column":54}},"4":{"start":{"line":7,"column":0},"end":{"line":7,"column":78}},"5":{"start":{"line":41,"column":2},"end":{"line":48,"column":5}},"6":{"start":{"line":64,"column":21},"end":{"line":64,"column":42}},"7":{"start":{"line":65,"column":2},"end":{"line":68,"column":3}},"8":{"start":{"line":66,"column":19},"end":{"line":66,"column":69}},"9":{"start":{"line":67,"column":4},"end":{"line":67,"column":69}},"10":{"start":{"line":70,"column":17},"end":{"line":70,"column":53}},"11":{"start":{"line":71,"column":17},"end":{"line":71,"column":42}},"12":{"start":{"line":73,"column":45},"end":{"line":73,"column":54}},"13":{"start":{"line":74,"column":19},"end":{"line":88,"column":null}},"14":{"start":{"line":81,"column":8},"end":{"line":85,"column":null}},"15":{"start":{"line":83,"column":12},"end":{"line":83,"column":32}},"16":{"start":{"line":84,"column":12},"end":{"line":84,"column":26}},"17":{"start":{"line":87,"column":50},"end":{"line":87,"column":72}},"18":{"start":{"line":90,"column":2},"end":{"line":90,"column":33}}},"fnMap":{"0":{"name":"validateOffer","decl":{"start":{"line":40,"column":16},"end":{"line":40,"column":29}},"loc":{"start":{"line":40,"column":59},"end":{"line":49,"column":1}}},"1":{"name":"acceptOffer","decl":{"start":{"line":57,"column":22},"end":{"line":57,"column":33}},"loc":{"start":{"line":62,"column":3},"end":{"line":91,"column":1}}},"2":{"name":"(anonymous_2)","decl":{"start":{"line":80,"column":17},"end":{"line":80,"column":18}},"loc":{"start":{"line":81,"column":8},"end":{"line":85,"column":null}}},"3":{"name":"(anonymous_3)","decl":{"start":{"line":82,"column":48},"end":{"line":82,"column":49}},"loc":{"start":{"line":82,"column":54},"end":{"line":85,"column":11}}},"4":{"name":"(anonymous_4)","decl":{"start":{"line":87,"column":36},"end":{"line":87,"column":37}},"loc":{"start":{"line":87,"column":50},"end":{"line":87,"column":72}}}},"branchMap":{"0":{"loc":{"start":{"line":65,"column":2},"end":{"line":68,"column":3}},"type":"if","locations":[{"start":{"line":65,"column":2},"end":{"line":68,"column":3}},{"start":{},"end":{}}]},"1":{"loc":{"start":{"line":66,"column":19},"end":{"line":66,"column":69}},"type":"cond-expr","locations":[{"start":{"line":66,"column":39},"end":{"line":66,"column":64}},{"start":{"line":66,"column":67},"end":{"line":66,"column":69}}]},"2":{"loc":{"start":{"line":87,"column":27},"end":{"line":87,"column":84}},"type":"cond-expr","locations":[{"start":{"line":87,"column":36},"end":{"line":87,"column":72}},{"start":{"line":87,"column":75},"end":{"line":87,"column":84}}]}},"s":{"0":3,"1":3,"2":3,"3":3,"4":3,"5":8,"6":5,"7":5,"8":1,"9":1,"10":4,"11":4,"12":4,"13":4,"14":1,"15":1,"16":1,"17":1,"18":1},"f":{"0":8,"1":5,"2":1,"3":1,"4":1},"b":{"0":[1,4],"1":[1,0],"2":[1,3]}}
,"/Users/johanneshoppe/Work/ordpool/ordpool-sdk/src/cat21-core/create-offer.core.ts": {"path":"/Users/johanneshoppe/Work/ordpool/ordpool-sdk/src/cat21-core/create-offer.core.ts","statementMap":{"0":{"start":{"line":80,"column":0},"end":{"line":80,"column":16}},"1":{"start":{"line":202,"column":0},"end":{"line":202,"column":7}},"2":{"start":{"line":222,"column":0},"end":{"line":222,"column":7}},"3":{"start":{"line":1,"column":0},"end":{"line":1,"column":74}},"4":{"start":{"line":2,"column":0},"end":{"line":2,"column":73}},"5":{"start":{"line":3,"column":0},"end":{"line":3,"column":null}},"6":{"start":{"line":8,"column":0},"end":{"line":8,"column":53}},"7":{"start":{"line":10,"column":0},"end":{"line":10,"column":75}},"8":{"start":{"line":11,"column":0},"end":{"line":11,"column":85}},"9":{"start":{"line":12,"column":0},"end":{"line":12,"column":65}},"10":{"start":{"line":19,"column":0},"end":{"line":19,"column":69}},"11":{"start":{"line":86,"column":21},"end":{"line":98,"column":4}},"12":{"start":{"line":99,"column":16},"end":{"line":116,"column":4}},"13":{"start":{"line":117,"column":2},"end":{"line":117,"column":60}},"14":{"start":{"line":124,"column":16},"end":{"line":124,"column":79}},"15":{"start":{"line":125,"column":2},"end":{"line":127,"column":3}},"16":{"start":{"line":126,"column":4},"end":{"line":126,"column":119}},"17":{"start":{"line":128,"column":16},"end":{"line":128,"column":71}},"18":{"start":{"line":131,"column":20},"end":{"line":131,"column":96}},"19":{"start":{"line":131,"column":43},"end":{"line":131,"column":96}},"20":{"start":{"line":132,"column":21},"end":{"line":138,"column":6}},"21":{"start":{"line":133,"column":4},"end":{"line":138,"column":6}},"22":{"start":{"line":142,"column":18},"end":{"line":142,"column":105}},"23":{"start":{"line":142,"column":66},"end":{"line":142,"column":97}},"24":{"start":{"line":143,"column":2},"end":{"line":145,"column":3}},"25":{"start":{"line":144,"column":4},"end":{"line":144,"column":119}},"26":{"start":{"line":146,"column":24},"end":{"line":146,"column":95}},"27":{"start":{"line":147,"column":17},"end":{"line":147,"column":110}},"28":{"start":{"line":157,"column":26},"end":{"line":157,"column":74}},"29":{"start":{"line":159,"column":4},"end":{"line":162,"column":42}},"30":{"start":{"line":163,"column":25},"end":{"line":163,"column":88}},"31":{"start":{"line":164,"column":15},"end":{"line":164,"column":85}},"32":{"start":{"line":165,"column":2},"end":{"line":174,"column":3}},"33":{"start":{"line":166,"column":4},"end":{"line":173,"column":6}},"34":{"start":{"line":176,"column":17},"end":{"line":176,"column":38}},"35":{"start":{"line":177,"column":19},"end":{"line":184,"column":4}},"36":{"start":{"line":179,"column":20},"end":{"line":179,"column":59}},"37":{"start":{"line":180,"column":6},"end":{"line":180,"column":90}},"38":{"start":{"line":185,"column":2},"end":{"line":187,"column":3}},"39":{"start":{"line":186,"column":4},"end":{"line":186,"column":112}},"40":{"start":{"line":188,"column":2},"end":{"line":195,"column":4}},"41":{"start":{"line":206,"column":15},"end":{"line":206,"column":45}},"42":{"start":{"line":207,"column":2},"end":{"line":214,"column":4}},"43":{"start":{"line":226,"column":15},"end":{"line":226,"column":45}},"44":{"start":{"line":227,"column":2},"end":{"line":233,"column":3}},"45":{"start":{"line":228,"column":4},"end":{"line":232,"column":6}},"46":{"start":{"line":234,"column":19},"end":{"line":234,"column":69}},"47":{"start":{"line":236,"column":20},"end":{"line":236,"column":68}},"48":{"start":{"line":237,"column":2},"end":{"line":237,"column":104}}},"fnMap":{"0":{"name":"buildOffer","decl":{"start":{"line":80,"column":16},"end":{"line":80,"column":26}},"loc":{"start":{"line":84,"column":23},"end":{"line":118,"column":1}}},"1":{"name":"planOffer","decl":{"start":{"line":120,"column":15},"end":{"line":120,"column":24}},"loc":{"start":{"line":122,"column":52},"end":{"line":196,"column":1}}},"2":{"name":"(anonymous_2)","decl":{"start":{"line":131,"column":20},"end":{"line":131,"column":21}},"loc":{"start":{"line":131,"column":43},"end":{"line":131,"column":96}}},"3":{"name":"(anonymous_3)","decl":{"start":{"line":132,"column":21},"end":{"line":132,"column":22}},"loc":{"start":{"line":133,"column":4},"end":{"line":138,"column":6}}},"4":{"name":"(anonymous_4)","decl":{"start":{"line":142,"column":55},"end":{"line":142,"column":56}},"loc":{"start":{"line":142,"column":66},"end":{"line":142,"column":97}}},"5":{"name":"(anonymous_5)","decl":{"start":{"line":178,"column":14},"end":{"line":178,"column":15}},"loc":{"start":{"line":178,"column":26},"end":{"line":181,"column":5}}},"6":{"name":"simulateCreateOffer","decl":{"start":{"line":202,"column":22},"end":{"line":202,"column":41}},"loc":{"start":{"line":204,"column":52},"end":{"line":215,"column":1}}},"7":{"name":"createOffer","decl":{"start":{"line":222,"column":22},"end":{"line":222,"column":33}},"loc":{"start":{"line":224,"column":84},"end":{"line":238,"column":1}}}},"branchMap":{"0":{"loc":{"start":{"line":125,"column":2},"end":{"line":127,"column":3}},"type":"if","locations":[{"start":{"line":125,"column":2},"end":{"line":127,"column":3}},{"start":{},"end":{}}]},"1":{"loc":{"start":{"line":125,"column":6},"end":{"line":125,"column":106}},"type":"binary-expr","locations":[{"start":{"line":125,"column":6},"end":{"line":125,"column":29}},{"start":{"line":125,"column":33},"end":{"line":125,"column":60}},{"start":{"line":125,"column":64},"end":{"line":125,"column":81}},{"start":{"line":125,"column":85},"end":{"line":125,"column":106}}]},"2":{"loc":{"start":{"line":142,"column":66},"end":{"line":142,"column":97}},"type":"cond-expr","locations":[{"start":{"line":142,"column":92},"end":{"line":142,"column":93}},{"start":{"line":142,"column":96},"end":{"line":142,"column":97}}]},"3":{"loc":{"start":{"line":142,"column":66},"end":{"line":142,"column":89}},"type":"binary-expr","locations":[{"start":{"line":142,"column":66},"end":{"line":142,"column":67}},{"start":{"line":142,"column":71},"end":{"line":142,"column":89}}]},"4":{"loc":{"start":{"line":143,"column":2},"end":{"line":145,"column":3}},"type":"if","locations":[{"start":{"line":143,"column":2},"end":{"line":145,"column":3}},{"start":{},"end":{}}]},"5":{"loc":{"start":{"line":143,"column":6},"end":{"line":143,"column":46}},"type":"binary-expr","locations":[{"start":{"line":143,"column":6},"end":{"line":143,"column":14}},{"start":{"line":143,"column":18},"end":{"line":143,"column":46}}]},"6":{"loc":{"start":{"line":165,"column":2},"end":{"line":174,"column":3}},"type":"if","locations":[{"start":{"line":165,"column":2},"end":{"line":174,"column":3}},{"start":{},"end":{}}]},"7":{"loc":{"start":{"line":167,"column":14},"end":{"line":167,"column":91}},"type":"cond-expr","locations":[{"start":{"line":167,"column":57},"end":{"line":167,"column":71}},{"start":{"line":167,"column":74},"end":{"line":167,"column":91}}]},"8":{"loc":{"start":{"line":185,"column":2},"end":{"line":187,"column":3}},"type":"if","locations":[{"start":{"line":185,"column":2},"end":{"line":187,"column":3}},{"start":{},"end":{}}]},"9":{"loc":{"start":{"line":227,"column":2},"end":{"line":233,"column":3}},"type":"if","locations":[{"start":{"line":227,"column":2},"end":{"line":233,"column":3}},{"start":{},"end":{}}]},"10":{"loc":{"start":{"line":227,"column":6},"end":{"line":227,"column":94}},"type":"binary-expr","locations":[{"start":{"line":227,"column":6},"end":{"line":227,"column":29}},{"start":{"line":227,"column":33},"end":{"line":227,"column":43}},{"start":{"line":227,"column":47},"end":{"line":227,"column":67}},{"start":{"line":227,"column":71},"end":{"line":227,"column":94}}]},"11":{"loc":{"start":{"line":229,"column":6},"end":{"line":231,"column":76}},"type":"cond-expr","locations":[{"start":{"line":230,"column":10},"end":{"line":230,"column":68}},{"start":{"line":231,"column":10},"end":{"line":231,"column":76}}]}},"s":{"0":3,"1":3,"2":3,"3":3,"4":3,"5":3,"6":3,"7":3,"8":3,"9":3,"10":3,"11":51,"12":51,"13":51,"14":15,"15":15,"16":0,"17":15,"18":15,"19":38,"20":15,"21":46,"22":15,"23":15,"24":15,"25":2,"26":13,"27":13,"28":13,"29":13,"30":13,"31":13,"32":13,"33":3,"34":10,"35":10,"36":20,"37":20,"38":10,"39":0,"40":10,"41":12,"42":12,"43":3,"44":3,"45":1,"46":2,"47":2,"48":2},"f":{"0":51,"1":15,"2":38,"3":46,"4":15,"5":20,"6":12,"7":3},"b":{"0":[0,15],"1":[15,15,15,15],"2":[0,15],"3":[15,0],"4":[2,13],"5":[15,15],"6":[3,10],"7":[0,3],"8":[0,10],"9":[1,2],"10":[3,2,2,2],"11":[1,0]}}
,"/Users/johanneshoppe/Work/ordpool/ordpool-sdk/src/cat21-core/inscribe.core.ts": {"path":"/Users/johanneshoppe/Work/ordpool/ordpool-sdk/src/cat21-core/inscribe.core.ts","statementMap":{"0":{"start":{"line":120,"column":0},"end":{"line":120,"column":7}},"1":{"start":{"line":140,"column":0},"end":{"line":140,"column":7}},"2":{"start":{"line":1,"column":0},"end":{"line":1,"column":44}},"3":{"start":{"line":3,"column":0},"end":{"line":3,"column":null}},"4":{"start":{"line":8,"column":0},"end":{"line":8,"column":null}},"5":{"start":{"line":13,"column":0},"end":{"line":13,"column":74}},"6":{"start":{"line":14,"column":0},"end":{"line":14,"column":84}},"7":{"start":{"line":15,"column":0},"end":{"line":15,"column":65}},"8":{"start":{"line":17,"column":0},"end":{"line":17,"column":69}},"9":{"start":{"line":57,"column":2},"end":{"line":57,"column":74}},"10":{"start":{"line":57,"column":62},"end":{"line":57,"column":74}},"11":{"start":{"line":58,"column":2},"end":{"line":83,"column":3}},"12":{"start":{"line":59,"column":25},"end":{"line":65,"column":6}},"13":{"start":{"line":66,"column":16},"end":{"line":79,"column":6}},"14":{"start":{"line":80,"column":4},"end":{"line":80,"column":38}},"15":{"start":{"line":82,"column":4},"end":{"line":82,"column":16}},"16":{"start":{"line":90,"column":16},"end":{"line":90,"column":79}},"17":{"start":{"line":91,"column":17},"end":{"line":91,"column":46}},"18":{"start":{"line":92,"column":2},"end":{"line":94,"column":3}},"19":{"start":{"line":93,"column":4},"end":{"line":93,"column":103}},"20":{"start":{"line":95,"column":16},"end":{"line":95,"column":71}},"21":{"start":{"line":102,"column":26},"end":{"line":102,"column":73}},"22":{"start":{"line":103,"column":25},"end":{"line":103,"column":88}},"23":{"start":{"line":104,"column":15},"end":{"line":104,"column":85}},"24":{"start":{"line":105,"column":2},"end":{"line":112,"column":3}},"25":{"start":{"line":106,"column":4},"end":{"line":111,"column":6}},"26":{"start":{"line":113,"column":2},"end":{"line":113,"column":83}},"27":{"start":{"line":124,"column":15},"end":{"line":124,"column":48}},"28":{"start":{"line":125,"column":2},"end":{"line":130,"column":4}},"29":{"start":{"line":149,"column":15},"end":{"line":149,"column":48}},"30":{"start":{"line":150,"column":2},"end":{"line":156,"column":3}},"31":{"start":{"line":151,"column":4},"end":{"line":155,"column":6}},"32":{"start":{"line":157,"column":61},"end":{"line":157,"column":67}},"33":{"start":{"line":158,"column":17},"end":{"line":158,"column":42}},"34":{"start":{"line":159,"column":2},"end":{"line":172,"column":4}},"35":{"start":{"line":169,"column":28},"end":{"line":169,"column":86}},"36":{"start":{"line":169,"column":78},"end":{"line":169,"column":84}},"37":{"start":{"line":170,"column":50},"end":{"line":170,"column":72}}},"fnMap":{"0":{"name":"inscribeFundingTarget","decl":{"start":{"line":56,"column":9},"end":{"line":56,"column":30}},"loc":{"start":{"line":56,"column":57},"end":{"line":84,"column":1}}},"1":{"name":"planInscribe","decl":{"start":{"line":86,"column":15},"end":{"line":86,"column":27}},"loc":{"start":{"line":88,"column":52},"end":{"line":114,"column":1}}},"2":{"name":"simulateInscribe","decl":{"start":{"line":120,"column":22},"end":{"line":120,"column":38}},"loc":{"start":{"line":122,"column":52},"end":{"line":131,"column":1}}},"3":{"name":"executeInscribe","decl":{"start":{"line":140,"column":22},"end":{"line":140,"column":37}},"loc":{"start":{"line":147,"column":3},"end":{"line":173,"column":1}}},"4":{"name":"(anonymous_4)","decl":{"start":{"line":169,"column":17},"end":{"line":169,"column":18}},"loc":{"start":{"line":169,"column":28},"end":{"line":169,"column":86}}},"5":{"name":"(anonymous_5)","decl":{"start":{"line":169,"column":71},"end":{"line":169,"column":72}},"loc":{"start":{"line":169,"column":78},"end":{"line":169,"column":84}}},"6":{"name":"(anonymous_6)","decl":{"start":{"line":170,"column":36},"end":{"line":170,"column":37}},"loc":{"start":{"line":170,"column":50},"end":{"line":170,"column":72}}}},"branchMap":{"0":{"loc":{"start":{"line":57,"column":2},"end":{"line":57,"column":74}},"type":"if","locations":[{"start":{"line":57,"column":2},"end":{"line":57,"column":74}},{"start":{},"end":{}}]},"1":{"loc":{"start":{"line":57,"column":6},"end":{"line":57,"column":60}},"type":"binary-expr","locations":[{"start":{"line":57,"column":6},"end":{"line":57,"column":29}},{"start":{"line":57,"column":33},"end":{"line":57,"column":60}}]},"2":{"loc":{"start":{"line":92,"column":2},"end":{"line":94,"column":3}},"type":"if","locations":[{"start":{"line":92,"column":2},"end":{"line":94,"column":3}},{"start":{},"end":{}}]},"3":{"loc":{"start":{"line":105,"column":2},"end":{"line":112,"column":3}},"type":"if","locations":[{"start":{"line":105,"column":2},"end":{"line":112,"column":3}},{"start":{},"end":{}}]},"4":{"loc":{"start":{"line":107,"column":14},"end":{"line":107,"column":91}},"type":"cond-expr","locations":[{"start":{"line":107,"column":57},"end":{"line":107,"column":71}},{"start":{"line":107,"column":74},"end":{"line":107,"column":91}}]},"5":{"loc":{"start":{"line":150,"column":2},"end":{"line":156,"column":3}},"type":"if","locations":[{"start":{"line":150,"column":2},"end":{"line":156,"column":3}},{"start":{},"end":{}}]},"6":{"loc":{"start":{"line":150,"column":6},"end":{"line":150,"column":43}},"type":"binary-expr","locations":[{"start":{"line":150,"column":6},"end":{"line":150,"column":29}},{"start":{"line":150,"column":33},"end":{"line":150,"column":43}}]},"7":{"loc":{"start":{"line":152,"column":6},"end":{"line":154,"column":67}},"type":"cond-expr","locations":[{"start":{"line":153,"column":10},"end":{"line":153,"column":68}},{"start":{"line":154,"column":10},"end":{"line":154,"column":67}}]},"8":{"loc":{"start":{"line":170,"column":27},"end":{"line":170,"column":84}},"type":"cond-expr","locations":[{"start":{"line":170,"column":36},"end":{"line":170,"column":72}},{"start":{"line":170,"column":75},"end":{"line":170,"column":84}}]}},"s":{"0":1,"1":1,"2":1,"3":1,"4":1,"5":1,"6":1,"7":1,"8":1,"9":7,"10":0,"11":7,"12":7,"13":7,"14":7,"15":0,"16":7,"17":7,"18":7,"19":0,"20":7,"21":7,"22":7,"23":7,"24":7,"25":3,"26":4,"27":5,"28":5,"29":2,"30":2,"31":1,"32":1,"33":1,"34":1,"35":0,"36":0,"37":1},"f":{"0":7,"1":7,"2":5,"3":2,"4":0,"5":0,"6":1},"b":{"0":[0,7],"1":[7,7],"2":[0,7],"3":[3,4],"4":[1,2],"5":[1,1],"6":[2,1],"7":[1,0],"8":[1,0]}}
,"/Users/johanneshoppe/Work/ordpool/ordpool-sdk/src/cat21-core/mint.core.ts": {"path":"/Users/johanneshoppe/Work/ordpool/ordpool-sdk/src/cat21-core/mint.core.ts","statementMap":{"0":{"start":{"line":182,"column":0},"end":{"line":182,"column":7}},"1":{"start":{"line":203,"column":0},"end":{"line":203,"column":7}},"2":{"start":{"line":1,"column":0},"end":{"line":1,"column":74}},"3":{"start":{"line":2,"column":0},"end":{"line":2,"column":73}},"4":{"start":{"line":3,"column":0},"end":{"line":3,"column":null}},"5":{"start":{"line":8,"column":0},"end":{"line":8,"column":53}},"6":{"start":{"line":10,"column":0},"end":{"line":10,"column":69}},"7":{"start":{"line":11,"column":0},"end":{"line":11,"column":null}},"8":{"start":{"line":16,"column":0},"end":{"line":16,"column":83}},"9":{"start":{"line":25,"column":0},"end":{"line":25,"column":69}},"10":{"start":{"line":77,"column":23},"end":{"line":88,"column":null}},"11":{"start":{"line":90,"column":2},"end":{"line":100,"column":5}},"12":{"start":{"line":107,"column":16},"end":{"line":107,"column":79}},"13":{"start":{"line":108,"column":2},"end":{"line":110,"column":3}},"14":{"start":{"line":109,"column":4},"end":{"line":109,"column":119}},"15":{"start":{"line":111,"column":16},"end":{"line":111,"column":71}},"16":{"start":{"line":112,"column":19},"end":{"line":112,"column":45}},"17":{"start":{"line":113,"column":23},"end":{"line":113,"column":52}},"18":{"start":{"line":114,"column":23},"end":{"line":115,"column":83}},"19":{"start":{"line":115,"column":4},"end":{"line":115,"column":83}},"20":{"start":{"line":121,"column":18},"end":{"line":121,"column":105}},"21":{"start":{"line":121,"column":66},"end":{"line":121,"column":97}},"22":{"start":{"line":122,"column":2},"end":{"line":124,"column":3}},"23":{"start":{"line":123,"column":4},"end":{"line":123,"column":119}},"24":{"start":{"line":125,"column":24},"end":{"line":125,"column":100}},"25":{"start":{"line":126,"column":17},"end":{"line":126,"column":81}},"26":{"start":{"line":135,"column":26},"end":{"line":135,"column":75}},"27":{"start":{"line":137,"column":4},"end":{"line":139,"column":37}},"28":{"start":{"line":141,"column":25},"end":{"line":141,"column":88}},"29":{"start":{"line":142,"column":15},"end":{"line":142,"column":85}},"30":{"start":{"line":143,"column":2},"end":{"line":152,"column":3}},"31":{"start":{"line":144,"column":4},"end":{"line":151,"column":6}},"32":{"start":{"line":156,"column":19},"end":{"line":163,"column":4}},"33":{"start":{"line":158,"column":20},"end":{"line":158,"column":58}},"34":{"start":{"line":159,"column":6},"end":{"line":159,"column":85}},"35":{"start":{"line":164,"column":2},"end":{"line":166,"column":3}},"36":{"start":{"line":165,"column":4},"end":{"line":165,"column":112}},"37":{"start":{"line":167,"column":2},"end":{"line":174,"column":4}},"38":{"start":{"line":186,"column":15},"end":{"line":186,"column":44}},"39":{"start":{"line":187,"column":2},"end":{"line":194,"column":4}},"40":{"start":{"line":207,"column":15},"end":{"line":207,"column":44}},"41":{"start":{"line":208,"column":2},"end":{"line":214,"column":3}},"42":{"start":{"line":209,"column":4},"end":{"line":213,"column":6}},"43":{"start":{"line":215,"column":16},"end":{"line":215,"column":70}},"44":{"start":{"line":216,"column":17},"end":{"line":216,"column":57}},"45":{"start":{"line":217,"column":18},"end":{"line":217,"column":61}},"46":{"start":{"line":220,"column":2},"end":{"line":220,"column":53}}},"fnMap":{"0":{"name":"buildMint","decl":{"start":{"line":71,"column":9},"end":{"line":71,"column":18}},"loc":{"start":{"line":75,"column":23},"end":{"line":101,"column":1}}},"1":{"name":"planMint","decl":{"start":{"line":103,"column":15},"end":{"line":103,"column":23}},"loc":{"start":{"line":105,"column":52},"end":{"line":175,"column":1}}},"2":{"name":"(anonymous_2)","decl":{"start":{"line":114,"column":23},"end":{"line":114,"column":24}},"loc":{"start":{"line":115,"column":4},"end":{"line":115,"column":83}}},"3":{"name":"(anonymous_3)","decl":{"start":{"line":121,"column":55},"end":{"line":121,"column":56}},"loc":{"start":{"line":121,"column":66},"end":{"line":121,"column":97}}},"4":{"name":"(anonymous_4)","decl":{"start":{"line":157,"column":14},"end":{"line":157,"column":15}},"loc":{"start":{"line":157,"column":26},"end":{"line":160,"column":5}}},"5":{"name":"simulateMint","decl":{"start":{"line":182,"column":22},"end":{"line":182,"column":34}},"loc":{"start":{"line":184,"column":52},"end":{"line":195,"column":1}}},"6":{"name":"executeMint","decl":{"start":{"line":203,"column":22},"end":{"line":203,"column":33}},"loc":{"start":{"line":205,"column":94},"end":{"line":221,"column":1}}}},"branchMap":{"0":{"loc":{"start":{"line":97,"column":11},"end":{"line":97,"column":100}},"type":"cond-expr","locations":[{"start":{"line":97,"column":24},"end":{"line":97,"column":88}},{"start":{"line":97,"column":91},"end":{"line":97,"column":100}}]},"1":{"loc":{"start":{"line":108,"column":2},"end":{"line":110,"column":3}},"type":"if","locations":[{"start":{"line":108,"column":2},"end":{"line":110,"column":3}},{"start":{},"end":{}}]},"2":{"loc":{"start":{"line":108,"column":6},"end":{"line":108,"column":60}},"type":"binary-expr","locations":[{"start":{"line":108,"column":6},"end":{"line":108,"column":29}},{"start":{"line":108,"column":33},"end":{"line":108,"column":60}}]},"3":{"loc":{"start":{"line":112,"column":19},"end":{"line":112,"column":45}},"type":"binary-expr","locations":[{"start":{"line":112,"column":19},"end":{"line":112,"column":40}},{"start":{"line":112,"column":44},"end":{"line":112,"column":45}}]},"4":{"loc":{"start":{"line":121,"column":66},"end":{"line":121,"column":97}},"type":"cond-expr","locations":[{"start":{"line":121,"column":92},"end":{"line":121,"column":93}},{"start":{"line":121,"column":96},"end":{"line":121,"column":97}}]},"5":{"loc":{"start":{"line":121,"column":66},"end":{"line":121,"column":89}},"type":"binary-expr","locations":[{"start":{"line":121,"column":66},"end":{"line":121,"column":67}},{"start":{"line":121,"column":71},"end":{"line":121,"column":89}}]},"6":{"loc":{"start":{"line":122,"column":2},"end":{"line":124,"column":3}},"type":"if","locations":[{"start":{"line":122,"column":2},"end":{"line":124,"column":3}},{"start":{},"end":{}}]},"7":{"loc":{"start":{"line":122,"column":6},"end":{"line":122,"column":46}},"type":"binary-expr","locations":[{"start":{"line":122,"column":6},"end":{"line":122,"column":14}},{"start":{"line":122,"column":18},"end":{"line":122,"column":46}}]},"8":{"loc":{"start":{"line":143,"column":2},"end":{"line":152,"column":3}},"type":"if","locations":[{"start":{"line":143,"column":2},"end":{"line":152,"column":3}},{"start":{},"end":{}}]},"9":{"loc":{"start":{"line":145,"column":14},"end":{"line":145,"column":91}},"type":"cond-expr","locations":[{"start":{"line":145,"column":57},"end":{"line":145,"column":71}},{"start":{"line":145,"column":74},"end":{"line":145,"column":91}}]},"10":{"loc":{"start":{"line":164,"column":2},"end":{"line":166,"column":3}},"type":"if","locations":[{"start":{"line":164,"column":2},"end":{"line":166,"column":3}},{"start":{},"end":{}}]},"11":{"loc":{"start":{"line":192,"column":13},"end":{"line":192,"column":56}},"type":"cond-expr","locations":[{"start":{"line":192,"column":26},"end":{"line":192,"column":49}},{"start":{"line":192,"column":52},"end":{"line":192,"column":56}}]},"12":{"loc":{"start":{"line":193,"column":16},"end":{"line":193,"column":57}},"type":"cond-expr","locations":[{"start":{"line":193,"column":29},"end":{"line":193,"column":50}},{"start":{"line":193,"column":53},"end":{"line":193,"column":57}}]},"13":{"loc":{"start":{"line":208,"column":2},"end":{"line":214,"column":3}},"type":"if","locations":[{"start":{"line":208,"column":2},"end":{"line":214,"column":3}},{"start":{},"end":{}}]},"14":{"loc":{"start":{"line":208,"column":6},"end":{"line":208,"column":72}},"type":"binary-expr","locations":[{"start":{"line":208,"column":6},"end":{"line":208,"column":29}},{"start":{"line":208,"column":33},"end":{"line":208,"column":43}},{"start":{"line":208,"column":47},"end":{"line":208,"column":72}}]},"15":{"loc":{"start":{"line":210,"column":6},"end":{"line":212,"column":63}},"type":"cond-expr","locations":[{"start":{"line":211,"column":10},"end":{"line":211,"column":68}},{"start":{"line":212,"column":10},"end":{"line":212,"column":63}}]}},"s":{"0":3,"1":3,"2":3,"3":3,"4":3,"5":3,"6":3,"7":3,"8":3,"9":3,"10":84,"11":84,"12":24,"13":24,"14":0,"15":24,"16":24,"17":24,"18":24,"19":82,"20":24,"21":27,"22":24,"23":1,"24":23,"25":23,"26":23,"27":23,"28":23,"29":23,"30":23,"31":5,"32":18,"33":36,"34":36,"35":18,"36":0,"37":18,"38":21,"39":21,"40":3,"41":3,"42":1,"43":2,"44":2,"45":2,"46":2},"f":{"0":84,"1":24,"2":82,"3":27,"4":36,"5":21,"6":3},"b":{"0":[0,84],"1":[0,24],"2":[24,24],"3":[24,24],"4":[0,27],"5":[27,3],"6":[1,23],"7":[24,24],"8":[5,18],"9":[2,3],"10":[0,18],"11":[16,5],"12":[16,5],"13":[1,2],"14":[3,2,2],"15":[1,0]}}
,"/Users/johanneshoppe/Work/ordpool/ordpool-sdk/src/cat21-core/select-funding.ts": {"path":"/Users/johanneshoppe/Work/ordpool/ordpool-sdk/src/cat21-core/select-funding.ts","statementMap":{"0":{"start":{"line":36,"column":0},"end":{"line":36,"column":7}},"1":{"start":{"line":76,"column":0},"end":{"line":76,"column":16}},"2":{"start":{"line":2,"column":0},"end":{"line":2,"column":null}},"3":{"start":{"line":10,"column":17},"end":{"line":10,"column":66}},"4":{"start":{"line":10,"column":45},"end":{"line":10,"column":66}},"5":{"start":{"line":42,"column":2},"end":{"line":44,"column":3}},"6":{"start":{"line":43,"column":4},"end":{"line":43,"column":91}},"7":{"start":{"line":46,"column":27},"end":{"line":46,"column":60}},"8":{"start":{"line":47,"column":2},"end":{"line":58,"column":4}},"9":{"start":{"line":49,"column":21},"end":{"line":49,"column":42}},"10":{"start":{"line":51,"column":8},"end":{"line":56,"column":9}},"11":{"start":{"line":52,"column":26},"end":{"line":52,"column":58}},"12":{"start":{"line":53,"column":10},"end":{"line":53,"column":86}},"13":{"start":{"line":55,"column":10},"end":{"line":55,"column":54}},"14":{"start":{"line":60,"column":20},"end":{"line":64,"column":null}},"15":{"start":{"line":61,"column":38},"end":{"line":64,"column":6}},"16":{"start":{"line":66,"column":2},"end":{"line":66,"column":64}},"17":{"start":{"line":81,"column":23},"end":{"line":85,"column":15}},"18":{"start":{"line":83,"column":15},"end":{"line":83,"column":85}},"19":{"start":{"line":86,"column":2},"end":{"line":86,"column":72}},"20":{"start":{"line":86,"column":52},"end":{"line":86,"column":72}},"21":{"start":{"line":87,"column":2},"end":{"line":87,"column":78}}},"fnMap":{"0":{"name":"(anonymous_0)","decl":{"start":{"line":10,"column":17},"end":{"line":10,"column":18}},"loc":{"start":{"line":10,"column":45},"end":{"line":10,"column":66}}},"1":{"name":"selectFunding","decl":{"start":{"line":36,"column":22},"end":{"line":36,"column":35}},"loc":{"start":{"line":40,"column":24},"end":{"line":67,"column":1}}},"2":{"name":"(anonymous_2)","decl":{"start":{"line":49,"column":14},"end":{"line":49,"column":15}},"loc":{"start":{"line":49,"column":21},"end":{"line":49,"column":42}}},"3":{"name":"(anonymous_3)","decl":{"start":{"line":50,"column":11},"end":{"line":50,"column":16}},"loc":{"start":{"line":50,"column":23},"end":{"line":57,"column":7}}},"4":{"name":"(anonymous_4)","decl":{"start":{"line":61,"column":4},"end":{"line":61,"column":5}},"loc":{"start":{"line":61,"column":38},"end":{"line":64,"column":6}}},"5":{"name":"resolveFundingPick","decl":{"start":{"line":76,"column":16},"end":{"line":76,"column":34}},"loc":{"start":{"line":79,"column":59},"end":{"line":88,"column":1}}},"6":{"name":"(anonymous_6)","decl":{"start":{"line":83,"column":8},"end":{"line":83,"column":9}},"loc":{"start":{"line":83,"column":15},"end":{"line":83,"column":85}}}},"branchMap":{"0":{"loc":{"start":{"line":42,"column":2},"end":{"line":44,"column":3}},"type":"if","locations":[{"start":{"line":42,"column":2},"end":{"line":44,"column":3}},{"start":{},"end":{}}]},"1":{"loc":{"start":{"line":42,"column":6},"end":{"line":42,"column":58}},"type":"binary-expr","locations":[{"start":{"line":42,"column":6},"end":{"line":42,"column":17}},{"start":{"line":42,"column":21},"end":{"line":42,"column":36}},{"start":{"line":42,"column":40},"end":{"line":42,"column":58}}]},"2":{"loc":{"start":{"line":43,"column":58},"end":{"line":43,"column":89}},"type":"cond-expr","locations":[{"start":{"line":43,"column":75},"end":{"line":43,"column":85}},{"start":{"line":43,"column":88},"end":{"line":43,"column":89}}]},"3":{"loc":{"start":{"line":53,"column":44},"end":{"line":53,"column":84}},"type":"cond-expr","locations":[{"start":{"line":53,"column":66},"end":{"line":53,"column":73}},{"start":{"line":53,"column":76},"end":{"line":53,"column":84}}]},"4":{"loc":{"start":{"line":63,"column":14},"end":{"line":63,"column":62}},"type":"binary-expr","locations":[{"start":{"line":63,"column":14},"end":{"line":63,"column":47}},{"start":{"line":63,"column":51},"end":{"line":63,"column":62}}]},"5":{"loc":{"start":{"line":81,"column":23},"end":{"line":85,"column":15}},"type":"cond-expr","locations":[{"start":{"line":82,"column":6},"end":{"line":83,"column":null}},{"start":{"line":85,"column":6},"end":{"line":85,"column":15}}]},"6":{"loc":{"start":{"line":83,"column":15},"end":{"line":83,"column":85}},"type":"binary-expr","locations":[{"start":{"line":83,"column":15},"end":{"line":83,"column":48}},{"start":{"line":83,"column":52},"end":{"line":83,"column":85}}]},"7":{"loc":{"start":{"line":86,"column":2},"end":{"line":86,"column":72}},"type":"if","locations":[{"start":{"line":86,"column":2},"end":{"line":86,"column":72}},{"start":{},"end":{}}]},"8":{"loc":{"start":{"line":86,"column":6},"end":{"line":86,"column":50}},"type":"binary-expr","locations":[{"start":{"line":86,"column":6},"end":{"line":86,"column":18}},{"start":{"line":86,"column":22},"end":{"line":86,"column":50}}]},"9":{"loc":{"start":{"line":87,"column":9},"end":{"line":87,"column":77}},"type":"cond-expr","locations":[{"start":{"line":87,"column":44},"end":{"line":87,"column":70}},{"start":{"line":87,"column":73},"end":{"line":87,"column":77}}]}},"s":{"0":13,"1":13,"2":13,"3":13,"4":230,"5":74,"6":1,"7":73,"8":73,"9":82,"10":74,"11":74,"12":73,"13":1,"14":73,"15":82,"16":73,"17":60,"18":3,"19":60,"20":3,"21":57},"f":{"0":230,"1":74,"2":82,"3":74,"4":82,"5":60,"6":3},"b":{"0":[1,73],"1":[74,73,73],"2":[0,1],"3":[54,19],"4":[82,8],"5":[3,57],"6":[3,3],"7":[3,57],"8":[60,3],"9":[40,17]}}
,"/Users/johanneshoppe/Work/ordpool/ordpool-sdk/src/cat21-core/transfer.core.ts": {"path":"/Users/johanneshoppe/Work/ordpool/ordpool-sdk/src/cat21-core/transfer.core.ts","statementMap":{"0":{"start":{"line":85,"column":0},"end":{"line":85,"column":16}},"1":{"start":{"line":208,"column":0},"end":{"line":208,"column":7}},"2":{"start":{"line":230,"column":0},"end":{"line":230,"column":7}},"3":{"start":{"line":1,"column":0},"end":{"line":1,"column":74}},"4":{"start":{"line":2,"column":0},"end":{"line":2,"column":73}},"5":{"start":{"line":3,"column":0},"end":{"line":3,"column":null}},"6":{"start":{"line":8,"column":0},"end":{"line":8,"column":53}},"7":{"start":{"line":10,"column":0},"end":{"line":10,"column":null}},"8":{"start":{"line":14,"column":0},"end":{"line":14,"column":65}},"9":{"start":{"line":15,"column":0},"end":{"line":15,"column":null}},"10":{"start":{"line":27,"column":0},"end":{"line":27,"column":69}},"11":{"start":{"line":91,"column":19},"end":{"line":102,"column":4}},"12":{"start":{"line":103,"column":23},"end":{"line":115,"column":4}},"13":{"start":{"line":116,"column":2},"end":{"line":127,"column":5}},"14":{"start":{"line":134,"column":16},"end":{"line":134,"column":79}},"15":{"start":{"line":135,"column":2},"end":{"line":137,"column":3}},"16":{"start":{"line":136,"column":4},"end":{"line":136,"column":119}},"17":{"start":{"line":138,"column":16},"end":{"line":138,"column":71}},"18":{"start":{"line":139,"column":23},"end":{"line":140,"column":83}},"19":{"start":{"line":140,"column":4},"end":{"line":140,"column":83}},"20":{"start":{"line":145,"column":24},"end":{"line":145,"column":72}},"21":{"start":{"line":146,"column":20},"end":{"line":146,"column":91}},"22":{"start":{"line":146,"column":43},"end":{"line":146,"column":91}},"23":{"start":{"line":150,"column":18},"end":{"line":150,"column":105}},"24":{"start":{"line":150,"column":66},"end":{"line":150,"column":97}},"25":{"start":{"line":151,"column":2},"end":{"line":153,"column":3}},"26":{"start":{"line":152,"column":4},"end":{"line":152,"column":119}},"27":{"start":{"line":154,"column":24},"end":{"line":154,"column":100}},"28":{"start":{"line":155,"column":17},"end":{"line":155,"column":66}},"29":{"start":{"line":162,"column":26},"end":{"line":162,"column":79}},"30":{"start":{"line":164,"column":4},"end":{"line":167,"column":42}},"31":{"start":{"line":168,"column":25},"end":{"line":168,"column":88}},"32":{"start":{"line":169,"column":15},"end":{"line":169,"column":85}},"33":{"start":{"line":170,"column":2},"end":{"line":179,"column":3}},"34":{"start":{"line":171,"column":4},"end":{"line":178,"column":6}},"35":{"start":{"line":181,"column":19},"end":{"line":188,"column":4}},"36":{"start":{"line":183,"column":20},"end":{"line":183,"column":62}},"37":{"start":{"line":184,"column":6},"end":{"line":184,"column":85}},"38":{"start":{"line":189,"column":2},"end":{"line":191,"column":3}},"39":{"start":{"line":190,"column":4},"end":{"line":190,"column":112}},"40":{"start":{"line":192,"column":2},"end":{"line":199,"column":4}},"41":{"start":{"line":212,"column":15},"end":{"line":212,"column":48}},"42":{"start":{"line":213,"column":2},"end":{"line":221,"column":4}},"43":{"start":{"line":234,"column":15},"end":{"line":234,"column":48}},"44":{"start":{"line":235,"column":2},"end":{"line":241,"column":3}},"45":{"start":{"line":236,"column":4},"end":{"line":240,"column":6}},"46":{"start":{"line":242,"column":16},"end":{"line":242,"column":74}},"47":{"start":{"line":243,"column":17},"end":{"line":243,"column":57}},"48":{"start":{"line":244,"column":18},"end":{"line":244,"column":61}},"49":{"start":{"line":246,"column":2},"end":{"line":246,"column":53}}},"fnMap":{"0":{"name":"buildTransfer","decl":{"start":{"line":85,"column":16},"end":{"line":85,"column":29}},"loc":{"start":{"line":89,"column":23},"end":{"line":128,"column":1}}},"1":{"name":"planTransfer","decl":{"start":{"line":130,"column":15},"end":{"line":130,"column":27}},"loc":{"start":{"line":132,"column":52},"end":{"line":200,"column":1}}},"2":{"name":"(anonymous_2)","decl":{"start":{"line":139,"column":23},"end":{"line":139,"column":24}},"loc":{"start":{"line":140,"column":4},"end":{"line":140,"column":83}}},"3":{"name":"(anonymous_3)","decl":{"start":{"line":146,"column":20},"end":{"line":146,"column":21}},"loc":{"start":{"line":146,"column":43},"end":{"line":146,"column":91}}},"4":{"name":"(anonymous_4)","decl":{"start":{"line":150,"column":55},"end":{"line":150,"column":56}},"loc":{"start":{"line":150,"column":66},"end":{"line":150,"column":97}}},"5":{"name":"(anonymous_5)","decl":{"start":{"line":182,"column":14},"end":{"line":182,"column":15}},"loc":{"start":{"line":182,"column":26},"end":{"line":185,"column":5}}},"6":{"name":"simulateTransfer","decl":{"start":{"line":208,"column":22},"end":{"line":208,"column":38}},"loc":{"start":{"line":210,"column":52},"end":{"line":222,"column":1}}},"7":{"name":"executeTransfer","decl":{"start":{"line":230,"column":22},"end":{"line":230,"column":37}},"loc":{"start":{"line":232,"column":94},"end":{"line":247,"column":1}}}},"branchMap":{"0":{"loc":{"start":{"line":135,"column":2},"end":{"line":137,"column":3}},"type":"if","locations":[{"start":{"line":135,"column":2},"end":{"line":137,"column":3}},{"start":{},"end":{}}]},"1":{"loc":{"start":{"line":135,"column":6},"end":{"line":135,"column":60}},"type":"binary-expr","locations":[{"start":{"line":135,"column":6},"end":{"line":135,"column":29}},{"start":{"line":135,"column":33},"end":{"line":135,"column":60}}]},"2":{"loc":{"start":{"line":145,"column":24},"end":{"line":145,"column":72}},"type":"binary-expr","locations":[{"start":{"line":145,"column":24},"end":{"line":145,"column":48}},{"start":{"line":145,"column":52},"end":{"line":145,"column":72}}]},"3":{"loc":{"start":{"line":150,"column":66},"end":{"line":150,"column":97}},"type":"cond-expr","locations":[{"start":{"line":150,"column":92},"end":{"line":150,"column":93}},{"start":{"line":150,"column":96},"end":{"line":150,"column":97}}]},"4":{"loc":{"start":{"line":150,"column":66},"end":{"line":150,"column":89}},"type":"binary-expr","locations":[{"start":{"line":150,"column":66},"end":{"line":150,"column":67}},{"start":{"line":150,"column":71},"end":{"line":150,"column":89}}]},"5":{"loc":{"start":{"line":151,"column":2},"end":{"line":153,"column":3}},"type":"if","locations":[{"start":{"line":151,"column":2},"end":{"line":153,"column":3}},{"start":{},"end":{}}]},"6":{"loc":{"start":{"line":170,"column":2},"end":{"line":179,"column":3}},"type":"if","locations":[{"start":{"line":170,"column":2},"end":{"line":179,"column":3}},{"start":{},"end":{}}]},"7":{"loc":{"start":{"line":172,"column":14},"end":{"line":172,"column":91}},"type":"cond-expr","locations":[{"start":{"line":172,"column":57},"end":{"line":172,"column":71}},{"start":{"line":172,"column":74},"end":{"line":172,"column":91}}]},"8":{"loc":{"start":{"line":189,"column":2},"end":{"line":191,"column":3}},"type":"if","locations":[{"start":{"line":189,"column":2},"end":{"line":191,"column":3}},{"start":{},"end":{}}]},"9":{"loc":{"start":{"line":218,"column":13},"end":{"line":218,"column":56}},"type":"cond-expr","locations":[{"start":{"line":218,"column":26},"end":{"line":218,"column":49}},{"start":{"line":218,"column":52},"end":{"line":218,"column":56}}]},"10":{"loc":{"start":{"line":219,"column":16},"end":{"line":219,"column":57}},"type":"cond-expr","locations":[{"start":{"line":219,"column":29},"end":{"line":219,"column":50}},{"start":{"line":219,"column":53},"end":{"line":219,"column":57}}]},"11":{"loc":{"start":{"line":220,"column":19},"end":{"line":220,"column":63}},"type":"cond-expr","locations":[{"start":{"line":220,"column":32},"end":{"line":220,"column":56}},{"start":{"line":220,"column":59},"end":{"line":220,"column":63}}]},"12":{"loc":{"start":{"line":235,"column":2},"end":{"line":241,"column":3}},"type":"if","locations":[{"start":{"line":235,"column":2},"end":{"line":241,"column":3}},{"start":{},"end":{}}]},"13":{"loc":{"start":{"line":235,"column":6},"end":{"line":235,"column":94}},"type":"binary-expr","locations":[{"start":{"line":235,"column":6},"end":{"line":235,"column":29}},{"start":{"line":235,"column":33},"end":{"line":235,"column":43}},{"start":{"line":235,"column":47},"end":{"line":235,"column":72}},{"start":{"line":235,"column":76},"end":{"line":235,"column":94}}]},"14":{"loc":{"start":{"line":237,"column":6},"end":{"line":239,"column":67}},"type":"cond-expr","locations":[{"start":{"line":238,"column":10},"end":{"line":238,"column":68}},{"start":{"line":239,"column":10},"end":{"line":239,"column":67}}]}},"s":{"0":3,"1":3,"2":3,"3":3,"4":3,"5":3,"6":3,"7":3,"8":3,"9":3,"10":3,"11":62,"12":62,"13":62,"14":17,"15":17,"16":0,"17":17,"18":17,"19":56,"20":17,"21":17,"22":28,"23":17,"24":18,"25":17,"26":0,"27":17,"28":17,"29":17,"30":17,"31":17,"32":17,"33":17,"34":6,"35":11,"36":22,"37":22,"38":11,"39":0,"40":11,"41":13,"42":13,"43":4,"44":4,"45":1,"46":3,"47":3,"48":3,"49":3},"f":{"0":62,"1":17,"2":56,"3":28,"4":18,"5":22,"6":13,"7":4},"b":{"0":[0,17],"1":[17,17],"2":[17,17],"3":[0,18],"4":[18,1],"5":[0,17],"6":[6,11],"7":[2,4],"8":[0,11],"9":[8,5],"10":[8,5],"11":[8,5],"12":[1,3],"13":[4,3,3,3],"14":[1,0]}}
,"/Users/johanneshoppe/Work/ordpool/ordpool-sdk/src/cat21-fee/coin-selection.helper.ts": {"path":"/Users/johanneshoppe/Work/ordpool/ordpool-sdk/src/cat21-fee/coin-selection.helper.ts","statementMap":{"0":{"start":{"line":66,"column":0},"end":{"line":66,"column":16}},"1":{"start":{"line":84,"column":0},"end":{"line":84,"column":16}},"2":{"start":{"line":97,"column":0},"end":{"line":97,"column":16}},"3":{"start":{"line":57,"column":2},"end":{"line":59,"column":3}},"4":{"start":{"line":58,"column":4},"end":{"line":58,"column":56}},"5":{"start":{"line":60,"column":15},"end":{"line":60,"column":38}},"6":{"start":{"line":61,"column":2},"end":{"line":63,"column":48}},"7":{"start":{"line":62,"column":17},"end":{"line":62,"column":43}},"8":{"start":{"line":63,"column":20},"end":{"line":63,"column":46}},"9":{"start":{"line":69,"column":2},"end":{"line":69,"column":43}},"10":{"start":{"line":69,"column":31},"end":{"line":69,"column":43}},"11":{"start":{"line":70,"column":2},"end":{"line":70,"column":77}},"12":{"start":{"line":87,"column":2},"end":{"line":87,"column":43}},"13":{"start":{"line":87,"column":31},"end":{"line":87,"column":43}},"14":{"start":{"line":88,"column":2},"end":{"line":88,"column":76}},"15":{"start":{"line":100,"column":2},"end":{"line":100,"column":66}}},"fnMap":{"0":{"name":"sortedCovering","decl":{"start":{"line":52,"column":9},"end":{"line":52,"column":23}},"loc":{"start":{"line":55,"column":21},"end":{"line":64,"column":1}}},"1":{"name":"(anonymous_1)","decl":{"start":{"line":62,"column":12},"end":{"line":62,"column":13}},"loc":{"start":{"line":62,"column":17},"end":{"line":62,"column":43}}},"2":{"name":"(anonymous_2)","decl":{"start":{"line":63,"column":10},"end":{"line":63,"column":11}},"loc":{"start":{"line":63,"column":20},"end":{"line":63,"column":46}}},"3":{"name":"pickLargestFundingUtxoThatCovers","decl":{"start":{"line":66,"column":16},"end":{"line":66,"column":48}},"loc":{"start":{"line":67,"column":30},"end":{"line":71,"column":1}}},"4":{"name":"pickSmallestFundingUtxoThatCovers","decl":{"start":{"line":84,"column":16},"end":{"line":84,"column":49}},"loc":{"start":{"line":85,"column":30},"end":{"line":89,"column":1}}},"5":{"name":"listFundingUtxosThatCover","decl":{"start":{"line":97,"column":16},"end":{"line":97,"column":41}},"loc":{"start":{"line":98,"column":30},"end":{"line":101,"column":1}}}},"branchMap":{"0":{"loc":{"start":{"line":57,"column":2},"end":{"line":59,"column":3}},"type":"if","locations":[{"start":{"line":57,"column":2},"end":{"line":59,"column":3}},{"start":{},"end":{}}]},"1":{"loc":{"start":{"line":60,"column":15},"end":{"line":60,"column":38}},"type":"cond-expr","locations":[{"start":{"line":60,"column":32},"end":{"line":60,"column":34}},{"start":{"line":60,"column":37},"end":{"line":60,"column":38}}]},"2":{"loc":{"start":{"line":69,"column":2},"end":{"line":69,"column":43}},"type":"if","locations":[{"start":{"line":69,"column":2},"end":{"line":69,"column":43}},{"start":{},"end":{}}]},"3":{"loc":{"start":{"line":70,"column":9},"end":{"line":70,"column":76}},"type":"binary-expr","locations":[{"start":{"line":70,"column":9},"end":{"line":70,"column":68}},{"start":{"line":70,"column":72},"end":{"line":70,"column":76}}]},"4":{"loc":{"start":{"line":87,"column":2},"end":{"line":87,"column":43}},"type":"if","locations":[{"start":{"line":87,"column":2},"end":{"line":87,"column":43}},{"start":{},"end":{}}]},"5":{"loc":{"start":{"line":88,"column":9},"end":{"line":88,"column":75}},"type":"binary-expr","locations":[{"start":{"line":88,"column":9},"end":{"line":88,"column":67}},{"start":{"line":88,"column":71},"end":{"line":88,"column":75}}]}},"s":{"0":1,"1":1,"2":1,"3":10,"4":3,"5":7,"6":7,"7":22,"8":15,"9":6,"10":1,"11":5,"12":3,"13":1,"14":2,"15":3},"f":{"0":10,"1":22,"2":15,"3":6,"4":3,"5":3},"b":{"0":[3,7],"1":[6,1],"2":[1,5],"3":[5,1],"4":[1,2],"5":[2,0]}}
,"/Users/johanneshoppe/Work/ordpool/ordpool-sdk/src/cat21-fee/compute-psbt-vsize.helper.ts": {"path":"/Users/johanneshoppe/Work/ordpool/ordpool-sdk/src/cat21-fee/compute-psbt-vsize.helper.ts","statementMap":{"0":{"start":{"line":61,"column":0},"end":{"line":61,"column":16}},"1":{"start":{"line":1,"column":0},"end":{"line":1,"column":41}},"2":{"start":{"line":3,"column":0},"end":{"line":3,"column":50}},"3":{"start":{"line":11,"column":38},"end":{"line":11,"column":56}},"4":{"start":{"line":19,"column":29},"end":{"line":19,"column":69}},"5":{"start":{"line":31,"column":2},"end":{"line":33,"column":3}},"6":{"start":{"line":32,"column":4},"end":{"line":32,"column":43}},"7":{"start":{"line":34,"column":2},"end":{"line":34,"column":30}},"8":{"start":{"line":62,"column":13},"end":{"line":62,"column":48}},"9":{"start":{"line":63,"column":30},"end":{"line":63,"column":59}},"10":{"start":{"line":64,"column":22},"end":{"line":64,"column":85}},"11":{"start":{"line":65,"column":2},"end":{"line":73,"column":3}},"12":{"start":{"line":65,"column":15},"end":{"line":65,"column":16}},"13":{"start":{"line":66,"column":4},"end":{"line":72,"column":5}},"14":{"start":{"line":67,"column":21},"end":{"line":67,"column":55}},"15":{"start":{"line":68,"column":6},"end":{"line":68,"column":84}},"16":{"start":{"line":70,"column":6},"end":{"line":70,"column":77}},"17":{"start":{"line":71,"column":6},"end":{"line":71,"column":24}},"18":{"start":{"line":74,"column":2},"end":{"line":74,"column":18}}},"fnMap":{"0":{"name":"dummyWitnessForNonSignable","decl":{"start":{"line":29,"column":9},"end":{"line":29,"column":35}},"loc":{"start":{"line":29,"column":66},"end":{"line":35,"column":1}}},"1":{"name":"computePsbtVsize","decl":{"start":{"line":61,"column":16},"end":{"line":61,"column":32}},"loc":{"start":{"line":61,"column":59},"end":{"line":75,"column":1}}}},"branchMap":{"0":{"loc":{"start":{"line":31,"column":2},"end":{"line":33,"column":3}},"type":"if","locations":[{"start":{"line":31,"column":2},"end":{"line":33,"column":3}},{"start":{},"end":{}}]},"1":{"loc":{"start":{"line":31,"column":6},"end":{"line":31,"column":80}},"type":"binary-expr","locations":[{"start":{"line":31,"column":6},"end":{"line":31,"column":12}},{"start":{"line":31,"column":16},"end":{"line":31,"column":36}},{"start":{"line":31,"column":40},"end":{"line":31,"column":58}},{"start":{"line":31,"column":62},"end":{"line":31,"column":80}}]},"2":{"loc":{"start":{"line":64,"column":22},"end":{"line":64,"column":85}},"type":"cond-expr","locations":[{"start":{"line":64,"column":47},"end":{"line":64,"column":78}},{"start":{"line":64,"column":81},"end":{"line":64,"column":85}}]},"3":{"loc":{"start":{"line":66,"column":4},"end":{"line":72,"column":5}},"type":"if","locations":[{"start":{"line":66,"column":4},"end":{"line":72,"column":5}},{"start":{"line":69,"column":11},"end":{"line":72,"column":5}}]}},"s":{"0":11,"1":11,"2":11,"3":11,"4":11,"5":50,"6":48,"7":2,"8":189,"9":189,"10":189,"11":189,"12":189,"13":291,"14":50,"15":50,"16":241,"17":241,"18":189},"f":{"0":50,"1":189},"b":{"0":[48,2],"1":[50,50,48,48],"2":[50,139],"3":[50,241]}}
,"/Users/johanneshoppe/Work/ordpool/ordpool-sdk/src/cat21-fee/dummy-keypair.ts": {"path":"/Users/johanneshoppe/Work/ordpool/ordpool-sdk/src/cat21-fee/dummy-keypair.ts","statementMap":{"0":{"start":{"line":34,"column":0},"end":{"line":34,"column":16}},"1":{"start":{"line":85,"column":0},"end":{"line":85,"column":16}},"2":{"start":{"line":1,"column":0},"end":{"line":1,"column":61}},"3":{"start":{"line":2,"column":0},"end":{"line":2,"column":34}},"4":{"start":{"line":3,"column":0},"end":{"line":3,"column":41}},"5":{"start":{"line":19,"column":69},"end":{"line":19,"column":71}},"6":{"start":{"line":35,"column":2},"end":{"line":71,"column":3}},"7":{"start":{"line":36,"column":40},"end":{"line":36,"column":118}},"8":{"start":{"line":37,"column":39},"end":{"line":37,"column":84}},"9":{"start":{"line":40,"column":44},"end":{"line":40,"column":81}},"10":{"start":{"line":47,"column":25},"end":{"line":47,"column":73}},"11":{"start":{"line":51,"column":18},"end":{"line":51,"column":72}},"12":{"start":{"line":52,"column":31},"end":{"line":52,"column":45}},"13":{"start":{"line":56,"column":26},"end":{"line":56,"column":75}},"14":{"start":{"line":60,"column":24},"end":{"line":60,"column":71}},"15":{"start":{"line":62,"column":4},"end":{"line":70,"column":6}},"16":{"start":{"line":73,"column":2},"end":{"line":73,"column":47}},"17":{"start":{"line":86,"column":60},"end":{"line":86,"column":84}},"18":{"start":{"line":87,"column":13},"end":{"line":87,"column":34}},"19":{"start":{"line":90,"column":44},"end":{"line":97,"column":4}},"20":{"start":{"line":98,"column":2},"end":{"line":98,"column":21}},"21":{"start":{"line":101,"column":2},"end":{"line":103,"column":3}},"22":{"start":{"line":101,"column":15},"end":{"line":101,"column":16}},"23":{"start":{"line":102,"column":4},"end":{"line":102,"column":72}},"24":{"start":{"line":106,"column":2},"end":{"line":106,"column":33}},"25":{"start":{"line":107,"column":2},"end":{"line":107,"column":16}},"26":{"start":{"line":109,"column":2},"end":{"line":109,"column":12}}},"fnMap":{"0":{"name":"getDummyKeypair","decl":{"start":{"line":34,"column":16},"end":{"line":34,"column":31}},"loc":{"start":{"line":34,"column":59},"end":{"line":74,"column":1}}},"1":{"name":"getDummyLegacyTransaction","decl":{"start":{"line":85,"column":16},"end":{"line":85,"column":41}},"loc":{"start":{"line":85,"column":91},"end":{"line":110,"column":1}}}},"branchMap":{"0":{"loc":{"start":{"line":35,"column":2},"end":{"line":71,"column":3}},"type":"if","locations":[{"start":{"line":35,"column":2},"end":{"line":71,"column":3}},{"start":{},"end":{}}]}},"s":{"0":38,"1":38,"2":38,"3":38,"4":38,"5":38,"6":807,"7":29,"8":29,"9":29,"10":29,"11":29,"12":29,"13":29,"14":29,"15":29,"16":807,"17":8,"18":8,"19":8,"20":8,"21":8,"22":8,"23":12,"24":8,"25":8,"26":8},"f":{"0":807,"1":8},"b":{"0":[29,778]}}
,"/Users/johanneshoppe/Work/ordpool/ordpool-sdk/src/cat21-fee/funding-recommendation.service.ts": {"path":"/Users/johanneshoppe/Work/ordpool/ordpool-sdk/src/cat21-fee/funding-recommendation.service.ts","statementMap":{"0":{"start":{"line":1,"column":0},"end":{"line":1,"column":69}},"1":{"start":{"line":4,"column":0},"end":{"line":4,"column":60}},"2":{"start":{"line":6,"column":0},"end":{"line":6,"column":null}},"3":{"start":{"line":12,"column":20},"end":{"line":12,"column":69}},"4":{"start":{"line":12,"column":48},"end":{"line":12,"column":69}},"5":{"start":{"line":33,"column":31},"end":{"line":33,"column":58}},"6":{"start":{"line":49,"column":4},"end":{"line":77,"column":6}},"7":{"start":{"line":51,"column":8},"end":{"line":53,"column":9}},"8":{"start":{"line":52,"column":10},"end":{"line":52,"column":81}},"9":{"start":{"line":59,"column":8},"end":{"line":61,"column":9}},"10":{"start":{"line":60,"column":10},"end":{"line":60,"column":79}},"11":{"start":{"line":60,"column":33},"end":{"line":60,"column":79}},"12":{"start":{"line":65,"column":8},"end":{"line":75,"column":10}},"13":{"start":{"line":67,"column":30},"end":{"line":71,"column":null}},"14":{"start":{"line":68,"column":48},"end":{"line":71,"column":16}},"15":{"start":{"line":73,"column":12},"end":{"line":73,"column":79}},"16":{"start":{"line":32,"column":0},"end":{"line":32,"column":13}}},"fnMap":{"0":{"name":"(anonymous_0)","decl":{"start":{"line":12,"column":20},"end":{"line":12,"column":21}},"loc":{"start":{"line":12,"column":48},"end":{"line":12,"column":69}}},"1":{"name":"(anonymous_1)","decl":{"start":{"line":33,"column":2},"end":{"line":33,"column":31}},"loc":{"start":{"line":33,"column":58},"end":{"line":33,"column":62}}},"2":{"name":"(anonymous_2)","decl":{"start":{"line":44,"column":2},"end":{"line":44,"column":11}},"loc":{"start":{"line":47,"column":61},"end":{"line":78,"column":3}}},"3":{"name":"(anonymous_3)","decl":{"start":{"line":50,"column":16},"end":{"line":50,"column":17}},"loc":{"start":{"line":50,"column":47},"end":{"line":76,"column":7}}},"4":{"name":"(anonymous_4)","decl":{"start":{"line":66,"column":14},"end":{"line":66,"column":17}},"loc":{"start":{"line":66,"column":19},"end":{"line":74,"column":11}}},"5":{"name":"(anonymous_5)","decl":{"start":{"line":68,"column":14},"end":{"line":68,"column":15}},"loc":{"start":{"line":68,"column":48},"end":{"line":71,"column":16}}}},"branchMap":{"0":{"loc":{"start":{"line":47,"column":4},"end":{"line":47,"column":61}},"type":"default-arg","locations":[{"start":{"line":47,"column":53},"end":{"line":47,"column":61}}]},"1":{"loc":{"start":{"line":51,"column":8},"end":{"line":53,"column":9}},"type":"if","locations":[{"start":{"line":51,"column":8},"end":{"line":53,"column":9}},{"start":{},"end":{}}]},"2":{"loc":{"start":{"line":51,"column":12},"end":{"line":51,"column":56}},"type":"binary-expr","locations":[{"start":{"line":51,"column":12},"end":{"line":51,"column":19}},{"start":{"line":51,"column":23},"end":{"line":51,"column":34}},{"start":{"line":51,"column":38},"end":{"line":51,"column":56}}]},"3":{"loc":{"start":{"line":52,"column":67},"end":{"line":52,"column":78}},"type":"binary-expr","locations":[{"start":{"line":52,"column":67},"end":{"line":52,"column":73}},{"start":{"line":52,"column":77},"end":{"line":52,"column":78}}]},"4":{"loc":{"start":{"line":60,"column":10},"end":{"line":60,"column":79}},"type":"if","locations":[{"start":{"line":60,"column":10},"end":{"line":60,"column":79}},{"start":{},"end":{}}]},"5":{"loc":{"start":{"line":73,"column":55},"end":{"line":73,"column":77}},"type":"binary-expr","locations":[{"start":{"line":73,"column":55},"end":{"line":73,"column":64}},{"start":{"line":73,"column":68},"end":{"line":73,"column":77}}]}},"s":{"0":1,"1":1,"2":1,"3":1,"4":15,"5":5,"6":5,"7":5,"8":0,"9":5,"10":9,"11":6,"12":5,"13":5,"14":9,"15":5,"16":1},"f":{"0":15,"1":5,"2":5,"3":5,"4":5,"5":9},"b":{"0":[5],"1":[0,5],"2":[5,5,5],"3":[0,0],"4":[6,3],"5":[5,5]}}
,"/Users/johanneshoppe/Work/ordpool/ordpool-sdk/src/cat21-fee/funding-safety.ts": {"path":"/Users/johanneshoppe/Work/ordpool/ordpool-sdk/src/cat21-fee/funding-safety.ts","statementMap":{"0":{"start":{"line":70,"column":0},"end":{"line":70,"column":16}},"1":{"start":{"line":130,"column":0},"end":{"line":130,"column":16}},"2":{"start":{"line":22,"column":0},"end":{"line":22,"column":55}},"3":{"start":{"line":75,"column":19},"end":{"line":75,"column":71}},"4":{"start":{"line":75,"column":44},"end":{"line":75,"column":70}},"5":{"start":{"line":76,"column":2},"end":{"line":78,"column":3}},"6":{"start":{"line":77,"column":4},"end":{"line":77,"column":69}},"7":{"start":{"line":80,"column":23},"end":{"line":81,"column":65}},"8":{"start":{"line":81,"column":4},"end":{"line":81,"column":65}},"9":{"start":{"line":81,"column":25},"end":{"line":81,"column":63}},"10":{"start":{"line":94,"column":24},"end":{"line":94,"column":68}},"11":{"start":{"line":94,"column":47},"end":{"line":94,"column":67}},"12":{"start":{"line":95,"column":2},"end":{"line":107,"column":3}},"13":{"start":{"line":97,"column":6},"end":{"line":99,"column":19}},"14":{"start":{"line":101,"column":6},"end":{"line":101,"column":96}},"15":{"start":{"line":101,"column":65},"end":{"line":101,"column":90}},"16":{"start":{"line":103,"column":6},"end":{"line":105,"column":68}},"17":{"start":{"line":106,"column":4},"end":{"line":106,"column":75}},"18":{"start":{"line":111,"column":2},"end":{"line":113,"column":3}},"19":{"start":{"line":111,"column":27},"end":{"line":111,"column":78}},"20":{"start":{"line":112,"column":4},"end":{"line":112,"column":65}},"21":{"start":{"line":118,"column":15},"end":{"line":118,"column":68}},"22":{"start":{"line":119,"column":2},"end":{"line":119,"column":84}},"23":{"start":{"line":137,"column":21},"end":{"line":137,"column":84}},"24":{"start":{"line":137,"column":47},"end":{"line":137,"column":82}},"25":{"start":{"line":138,"column":15},"end":{"line":141,"column":3}},"26":{"start":{"line":139,"column":14},"end":{"line":139,"column":51}},"27":{"start":{"line":140,"column":4},"end":{"line":140,"column":67}},"28":{"start":{"line":142,"column":2},"end":{"line":146,"column":4}},"29":{"start":{"line":145,"column":86},"end":{"line":145,"column":96}}},"fnMap":{"0":{"name":"recommendFunding","decl":{"start":{"line":70,"column":16},"end":{"line":70,"column":32}},"loc":{"start":{"line":73,"column":29},"end":{"line":120,"column":1}}},"1":{"name":"(anonymous_1)","decl":{"start":{"line":75,"column":37},"end":{"line":75,"col
[...]
,"/Users/johanneshoppe/Work/ordpool/ordpool-sdk/src/wallet/xpub/derive-watch-only.ts": {"path":"/Users/johanneshoppe/Work/ordpool/ordpool-sdk/src/wallet/xpub/derive-watch-only.ts","statementMap":{"0":{"start":{"line":228,"column":0},"end":{"line":228,"column":16}},"1":{"start":{"line":256,"column":0},"end":{"line":256,"column":16}},"2":{"start":{"line":27,"column":0},"end":{"line":27,"column":37}},"3":{"start":{"line":28,"column":0},"end":{"line":28,"column":42}},"4":{"start":{"line":29,"column":0},"end":{"line":29,"column":44}},"5":{"start":{"line":30,"column":0},"end":{"line":30,"column":34}},"6":{"start":{"line":31,"column":0},"end":{"line":31,"column":41}},"7":{"start":{"line":33,"column":0},"end":{"line":33,"column":56}},"8":{"start":{"line":35,"column":26},"end":{"line":35,"column":45}},"9":{"start":{"line":60,"column":4},"end":{"line":60,"column":19}},"10":{"start":{"line":61,"column":4},"end":{"line":61,"column":39}},"11":{"start":{"line":62,"column":4},"end":{"line":62,"column":21}},"12":{"start":{"line":57,"column":0},"end":{"line":57,"column":13}},"13":{"start":{"line":80,"column":61},"end":{"line":87,"column":2}},"14":{"start":{"line":95,"column":26},"end":{"line":98,"column":2}},"15":{"start":{"line":132,"column":2},"end":{"line":132,"column":37}},"16":{"start":{"line":147,"column":2},"end":{"line":151,"column":3}},"17":{"start":{"line":148,"column":4},"end":{"line":148,"column":58}},"18":{"start":{"line":150,"column":4},"end":{"line":150,"column":102}},"19":{"start":{"line":152,"column":2},"end":{"line":154,"column":3}},"20":{"start":{"line":153,"column":4},"end":{"line":153,"column":128}},"21":{"start":{"line":156,"column":18},"end":{"line":156,"column":90}},"22":{"start":{"line":157,"column":15},"end":{"line":157,"column":43}},"23":{"start":{"line":158,"column":2},"end":{"line":160,"column":3}},"24":{"start":{"line":159,"column":4},"end":{"line":159,"column":142}},"25":{"start":{"line":162,"column":22},"end":{"line":162,"column":49}},"26":{"start":{"line":163,"column":2},"end":{"line":168,"column":3}},"27":{"start":{"line":164,"column":4},"end":{"line":167,"column":6}},"28":{"start":{"line":171,"column":2},"end":{"line":187,"column":3}},"29":{"start":{"line":172,"column":4},"end":{"line":177,"column":5}},"30":{"start":{"line":173,"column":6},"end":{"line":176,"column":8}},"31":{"start":{"line":178,"column":4},"end":{"line":178,"column":33}},"32":{"start":{"line":180,"column":4},"end":{"line":185,"column":5}},"33":{"start":{"line":181,"column":6},"end":{"line":184,"column":8}},"34":{"start":{"line":186,"column":4},"end":{"line":186,"column":36}},"35":{"start":{"line":191,"column":19},"end":{"line":191,"column":86}},"36":{"start":{"line":192,"column":21},"end":{"line":192,"column":36}},"37":{"start":{"line":193,"column":2},"end":{"line":193,"column":50}},"38":{"start":{"line":194,"column":2},"end":{"line":194,"column":50}},"39":{"start":{"line":195,"column":2},"end":{"line":195,"column":49}},"40":{"start":{"line":196,"column":2},"end":{"line":196,"column":41}},"41":{"start":{"line":200,"column":13},"end":{"line":200,"column":82}},"42":{"start":{"line":201,"column":2},"end":{"line":201,"column":28}},"43":{"start":{"line":210,"column":2},"end":{"line":219,"column":3}},"44":{"start":{"line":212,"column":6},"end":{"line":212,"column":86}},"45":{"start":{"line":214,"column":6},"end":{"line":214,"column":58}},"46":{"start":{"line":216,"column":6},"end":{"line":216,"column":82}},"47":{"start":{"line":218,"column":6},"end":{"line":218,"column":57}},"48":{"start":{"line":229,"column":23},"end":{"line":229,"column":38}},"49":{"start":{"line":230,"column":21},"end":{"line":230,"column":41}},"50":{"start":{"line":231,"column":16},"end":{"line":231,"column":32}},"51":{"start":{"line":232,"column":2},"end":{"line":232,"column":106}},"52":{"start":{"line":232,"column":17},"end":{"line":232,"column":106}},"53":{"start":{"line":233,"column":2},"end":{"line":233,"column":116}},"54":{"start":{"line":233,"column":22},"end":{"line":233,"column":116}},"55":{"start":{"line":235,"column":29},"end":{"line":235,"column":99}},"56":{"start":{"line":236,"column":23},"end":{"line":236,"column":51}},"57":{"start":{"line":237,"column":20},"end":{"line":237,"column":41}},"58":{"start":{"line":239,"column":34},"end":{"line":239,"column":36}},"59":{"start":{"line":240,"column":2},"end":{"line":251,"column":3}},"60":{"start":{"line":240,"column":15},"end":{"line":240,"column":16}},"61":{"start":{"line":241,"column":18},"end":{"line":241,"column":32}},"62":{"start":{"line":242,"column":18},"end":{"line":242,"column":46}},"63":{"start":{"line":243,"column":4},"end":{"line":243,"column":128}},"64":{"start":{"line":243,"column":26},"end":{"line":243,"column":128}},"65":{"start":{"line":244,"column":4},"end":{"line":250,"column":7}},"66":{"start":{"line":252,"column":2},"end":{"line":252,"column":13}},"67":{"start":{"line":261,"column":2},"end":{"line":261,"column":84}}},"fnMap":{"0":{"name":"(anonymous_9)","decl":{"start":{"line":59,"column":2},"end":{"line":59,"column":14}},"loc":{"start":{"line":59,"column":61},"end":{"line":63,"column":3}}},"1":{"name":"isMainnetKeyPrefix","decl":{"start":{"line":131,"column":9},"end":{"line":131,"column":27}},"loc":{"start":{"line":131,"column":44},"end":{"line":133,"column":1}}},"2":{"name":"parseAccountKey","decl":{"start":{"line":141,"column":9},"end":{"line":141,"column":24}},"loc":{"start":{"line":144,"column":42},"end":{"line":202,"column":1}}},"3":{"name":"encodeAddress","decl":{"start":{"line":205,"column":9},"end":{"line":205,"column":22}},"loc":{"start":{"line":208,"column":34},"end":{"line":220,"column":1}}},"4":{"name":"deriveWatchOnlyAddresses","decl":{"start":{"line":228,"column":16},"end":{"line":228,"column":40}},"loc":{"start":{"line":228,"column":66},"end":{"line":253,"column":1}}},"5":{"name":"watchOnlyScriptType","decl":{"start":{"line":256,"column":16},"end":{"line":256,"column":35}},"loc":{"start":{"line":259,"column":42},"end":{"line":262,"column":1}}}},"branchMap":{"0":{"loc":{"start":{"line":152,"column":2},"end":{"line":154,"column":3}},"type":"if","locations":[{"start":{"line":152,"column":2},"end":{"line":154,"column":3}},{"start":{},"end":{}}]},"1":{"loc":{"start":{"line":158,"column":2},"end":{"line":160,"column":3}},"type":"if","locations":[{"start":{"line":158,"column":2},"end":{"line":160,"column":3}},{"start":{},"end":{}}]},"2":{"loc":{"start":{"line":163,"column":2},"end":{"line":168,"column":3}},"type":"if","locations":[{"start":{"line":163,"column":2},"end":{"line":168,"column":3}},{"start":{},"end":{}}]},"3":{"loc":{"start":{"line":166,"column":30},"end":{"line":166,"column":66}},"type":"cond-expr","locations":[{"start":{"line":166,"column":45},"end":{"line":166,"column":54}},{"start":{"line":166,"column":57},"end":{"line":166,"column":66}}]},"4":{"loc":{"start":{"line":171,"column":2},"end":{"line":187,"column":3}},"type":"if","locations":[{"start":{"line":171,"column":2},"end":{"line":187,"column":3}},{"start":{"line":179,"column":9},"end":{"line":187,"column":3}}]},"5":{"loc":{"start":{"line":172,"column":4},"end":{"line":177,"column":5}},"type":"if","locations":[{"start":{"line":172,"column":4},"end":{"line":177,"column":5}},{"start":{},"end":{}}]},"6":{"loc":{"start":{"line":172,"column":8},"end":{"line":172,"column":68}},"type":"binary-expr","locations":[{"start":{"line":172,"column":8},"end":{"line":172,"column":26}},{"start":{"line":172,"column":30},"end":{"line":172,"column":68}}]},"7":{"loc":{"start":{"line":180,"column":4},"end":{"line":185,"column":5}},"type":"if","locations":[{"start":{"line":180,"column":4},"end":{"line":185,"column":5}},{"start":{},"end":{}}]},"8":{"loc":{"start":{"line":191,"column":19},"end":{"line":191,"column":86}},"type":"cond-expr","locations":[{"start":{"line":191,"column":33},"end":{"line":191,"column":58}},{"start":{"line":191,"column":61},"end":{"line":191,"column":86}}]},"9":{"loc":{"start":{"line":210,"column":2},"end":{"line":219,"column":3}},"type":"switch","locations":[{"start":{"line":211,"column":4},"end":{"line":212,"column":86}},{"start":{"line":213,"column":4},"end":{"line":214,"column":58}},{"start":{"line":215,"column":4},"end":{"line":216,"column":82}},{"start":{"line":217,"column":4},"end":{"line":218,"column":57}}]},"10":{"loc":{"start":{"line":229,"column":23},"end":{"line":229,"column":38}},"type":"binary-expr","locations":[{"start":{"line":229,"column":23},"end":{"line":229,"column":33}},{"start":{"line":229,"column":37},"end":{"line":229,"column":38}}]},"11":{"loc":{"start":{"line":230,"column":21},"end":{"line":230,"column":41}},"type":"binary-expr","locations":[{"start":{"line":230,"column":21},"end":{"line":230,"column":36}},{"start":{"line":230,"column":40},"end":{"line":230,"column":41}}]},"12":{"loc":{"start":{"line":231,"column":16},"end":{"line":231,"column":32}},"type":"binary-expr","locations":[{"start":{"line":231,"column":16},"end":{"line":231,"column":26}},{"start":{"line":231,"column":30},"end":{"line":231,"column":32}}]},"13":{"loc":{"start":{"line":232,"column":2},"end":{"line":232,"column":106}},"type":"if","locations":[{"start":{"line":232,"column":2},"end":{"line":232,"column":106}},{"start":{},"end":{}}]},"14":{"loc":{"start":{"line":233,"column":2},"end":{"line":233,"column":116}},"type":"if","locations":[{"start":{"line":233,"column":2},"end":{"line":233,"column":116}},{"start":{},"end":{}}]},"15":{"loc":{"start":{"line":243,"column":4},"end":{"line":243,"column":128}},"type":"if","locations":[{"start":{"line":243,"column":4},"end":{"line":243,"column":128}},{"start":{},"end":{}}]}},"s":{"0":5,"1":5,"2":5,"3":5,"4":5,"5":5,"6":5,"7":5,"8":5,"9":5,"10":5,"11":5,"12":5,"13":5,"14":5,"15":30,"16":31,"17":31,"18":1,"19":30,"20":0,"21":30,"22":30,"23":30,"24":0,"25":30,"26":30,"27":1,"28":29,"29":3,"30":1,"31":2,"32":26,"33":2,"34":24,"35":26,"36":26,"37":26,"38":26,"39":26,"40":26,"41":26,"42":26,"43":94,"44":90,"45":4,"46":0,"47":0,"48":30,"49":30,"50":30,"51":30,"52":0,"53":30,"54":0,"55":30,"56":25,"57":25,"58":25,"59":25,"60":25,"61":94,"62":94,"63":94,"64":0,"65":94,"66":25,"67":1},"f":{"0":5,"1":30,"2":31,"3":94,"4":30,"5":1},"b":{"0":[0,30],"1":[0,30],"2":[1,29],"3":[1,0],"4":[3,26],"5":[1,2],"6":[3,1],"7":[2,24],"8":[25,1],"9":[90,4,0,0],"10":[30,19],"11":[30,21],"12":[30,5],"13":[0,30],"14":[0,30],"15":[0,94]}}
,"/Users/johanneshoppe/Work/ordpool/ordpool-sdk/src/wallet/xpub/make-watch-only-probe.ts": {"path":"/Users/johanneshoppe/Work/ordpool/ordpool-sdk/src/wallet/xpub/make-watch-only-probe.ts","statementMap":{"0":{"start":{"line":52,"column":0},"end":{"line":52,"column":16}},"1":{"start":{"line":24,"column":0},"end":{"line":24,"column":50}},"2":{"start":{"line":25,"column":0},"end":{"line":25,"column":55}},"3":{"start":{"line":55,"column":2},"end":{"line":84,"column":4}},"4":{"start":{"line":56,"column":26},"end":{"line":59,"column":6}},"5":{"start":{"line":61,"column":23},"end":{"line":75,"column":null}},"6":{"start":{"line":63,"column":8},"end":{"line":74,"column":9}},"7":{"start":{"line":64,"column":20},"end":{"line":68,"column":12}},"8":{"start":{"line":69,"column":10},"end":{"line":69,"column":52}},"9":{"start":{"line":73,"column":10},"end":{"line":73,"column":50}},"10":{"start":{"line":78,"column":22},"end":{"line":78,"column":55}},"11":{"start":{"line":78,"column":47},"end":{"line":78,"column":54}},"12":{"start":{"line":79,"column":4},"end":{"line":83,"column":6}},"13":{"start":{"line":81,"column":47},"end":{"line":81,"column":60}},"14":{"start":{"line":88,"column":14},"end":{"line":88,"column":96}},"15":{"start":{"line":89,"column":19},"end":{"line":89,"column":88}},"16":{"start":{"line":90,"column":2},"end":{"line":90,"column":41}},"17":{"start":{"line":90,"column":31},"end":{"line":90,"column":41}},"18":{"start":{"line":91,"column":2},"end":{"line":93,"column":3}},"19":{"start":{"line":92,"column":4},"end":{"line":92,"column":78}},"20":{"start":{"line":94,"column":2},"end":{"line":94,"column":50}}},"fnMap":{"0":{"name":"makeWatchOnlyProbe","decl":{"start":{"line":52,"column":16},"end":{"line":52,"column":34}},"loc":{"start":{"line":53,"column":30},"end":{"line":85,"column":1}}},"1":{"name":"(anonymous_1)","decl":{"start":{"line":55,"column":9},"end":{"line":55,"column":14}},"loc":{"start":{"line":55,"column":58},"end":{"line":84,"column":3}}},"2":{"name":"(anonymous_2)","decl":{"start":{"line":62,"column":16},"end":{"line":62,"column":21}},"loc":{"start":{"line":62,"column":28},"end":{"line":75,"column":7}}},"3":{"name":"(anonymous_3)","decl":{"start":{"line":78,"column":40},"end":{"line":78,"column":41}},"loc":{"start":{"line":78,"column":47},"end":{"line":78,"column":54}}},"4":{"name":"(anonymous_4)","decl":{"start":{"line":81,"column":35},"end":{"line":81,"column":36}},"loc":{"start":{"line":81,"column":47},"end":{"line":81,"column":60}}},"5":{"name":"fetchUtxos","decl":{"start":{"line":87,"column":15},"end":{"line":87,"column":25}},"loc":{"start":{"line":87,"column":86},"end":{"line":95,"column":1}}}},"branchMap":{"0":{"loc":{"start":{"line":90,"column":2},"end":{"line":90,"column":41}},"type":"if","locations":[{"start":{"line":90,"column":2},"end":{"line":90,"column":41}},{"start":{},"end":{}}]},"1":{"loc":{"start":{"line":91,"column":2},"end":{"line":93,"column":3}},"type":"if","locations":[{"start":{"line":91,"column":2},"end":{"line":93,"column":3}},{"start":{},"end":{}}]}},"s":{"0":1,"1":1,"2":1,"3":5,"4":5,"5":5,"6":5,"7":5,"8":4,"9":1,"10":5,"11":5,"12":5,"13":2,"14":5,"15":5,"16":5,"17":1,"18":4,"19":0,"20":4},"f":{"0":5,"1":5,"2":5,"3":5,"4":2,"5":5},"b":{"0":[1,4],"1":[0,4]}}
,"/Users/johanneshoppe/Work/ordpool/ordpool-sdk/src/wallet/xpub/scan-watch-only.ts": {"path":"/Users/johanneshoppe/Work/ordpool/ordpool-sdk/src/wallet/xpub/scan-watch-only.ts","statementMap":{"0":{"start":{"line":81,"column":0},"end":{"line":81,"column":7}},"1":{"start":{"line":28,"column":0},"end":{"line":28,"column":null}},"2":{"start":{"line":82,"column":19},"end":{"line":82,"column":38}},"3":{"start":{"line":83,"column":2},"end":{"line":83,"column":78}},"4":{"start":{"line":83,"column":20},"end":{"line":83,"column":78}},"5":{"start":{"line":85,"column":18},"end":{"line":92,"column":4}},"6":{"start":{"line":94,"column":17},"end":{"line":94,"column":77}},"7":{"start":{"line":94,"column":54},"end":{"line":94,"column":75}},"8":{"start":{"line":95,"column":36},"end":{"line":95,"column":96}},"9":{"start":{"line":95,"column":65},"end":{"line":95,"column":94}},"10":{"start":{"line":97,"column":19},"end":{"line":97,"column":29}},"11":{"start":{"line":100,"column":20},"end":{"line":100,"column":55}},"12":{"start":{"line":100,"column":40},"end":{"line":100,"column":54}},"13":{"start":{"line":101,"column":19},"end":{"line":101,"column":49}},"14":{"start":{"line":102,"column":44},"end":{"line":102,"column":73}},"15":{"start":{"line":107,"column":2},"end":{"line":112,"column":3}},"16":{"start":{"line":108,"column":4},"end":{"line":108,"column":34}},"17":{"start":{"line":108,"column":25},"end":{"line":108,"column":34}},"18":{"start":{"line":109,"column":17},"end":{"line":109,"column":40}},"19":{"start":{"line":110,"column":21},"end":{"line":110,"column":48}},"20":{"start":{"line":111,"column":4},"end":{"line":111,"column":43}},"21":{"start":{"line":111,"column":34},"end":{"line":111,"column":43}},"22":{"start":{"line":113,"column":18},"end":{"line":113,"column":43}},"23":{"start":{"line":114,"column":45},"end":{"line":114,"column":71}},"24":{"start":{"line":116,"column":2},"end":{"line":116,"column":71}}},"fnMap":{"0":{"name":"scanWatchOnly","decl":{"start":{"line":81,"column":22},"end":{"line":81,"column":35}},"loc":{"start":{"line":81,"column":59},"end":{"line":117,"column":1}}},"1":{"name":"(anonymous_1)","decl":{"start":{"line":94,"column":47},"end":{"line":94,"column":48}},"loc":{"start":{"line":94,"column":54},"end":{"line":94,"column":75}}},"2":{"name":"(anonymous_2)","decl":{"start":{"line":95,"column":48},"end":{"line":95,"column":49}},"loc":{"start":{"line":95,"column":65},"end":{"line":95,"column":94}}},"3":{"name":"(anonymous_3)","decl":{"start":{"line":100,"column":33},"end":{"line":100,"column":34}},"loc":{"start":{"line":100,"column":40},"end":{"line":100,"column":54}}}},"branchMap":{"0":{"loc":{"start":{"line":82,"column":19},"end":{"line":82,"column":38}},"type":"binary-expr","locations":[{"start":{"line":82,"column":19},"end":{"line":82,"column":32}},{"start":{"line":82,"column":36},"end":{"line":82,"column":38}}]},"1":{"loc":{"start":{"line":83,"column":2},"end":{"line":83,"column":78}},"type":"if","locations":[{"start":{"line":83,"column":2},"end":{"line":83,"column":78}},{"start":{},"end":{}}]},"2":{"loc":{"start":{"line":101,"column":19},"end":{"line":101,"column":49}},"type":"binary-expr","locations":[{"start":{"line":101,"column":19},"end":{"line":101,"column":37}},{"start":{"line":101,"column":41},"end":{"line":101,"column":49}}]},"3":{"loc":{"start":{"line":102,"column":44},"end":{"line":102,"column":73}},"type":"cond-expr","locations":[{"start":{"line":102,"column":56},"end":{"line":102,"column":61}},{"start":{"line":102,"column":64},"end":{"line":102,"column":73}}]},"4":{"loc":{"start":{"line":108,"column":4},"end":{"line":108,"column":34}},"type":"if","locations":[{"start":{"line":108,"column":4},"end":{"line":108,"column":34}},{"start":{},"end":{}}]},"5":{"loc":{"start":{"line":109,"column":17},"end":{"line":109,"column":40}},"type":"binary-expr","locations":[{"start":{"line":109,"column":17},"end":{"line":109,"column":35}},{"start":{"line":109,"column":39},"end":{"line":109,"column":40}}]},"6":{"loc":{"start":{"line":110,"column":21},"end":{"line":110,"column":48}},"type":"binary-expr","locations":[{"start":{"line":110,"column":21},"end":{"line":110,"column":43}},{"start":{"line":110,"column":47},"end":{"line":110,"column":48}}]},"7":{"loc":{"start":{"line":111,"column":4},"end":{"line":111,"column":43}},"type":"if","locations":[{"start":{"line":111,"column":4},"end":{"line":111,"column":43}},{"start":{},"end":{}}]},"8":{"loc":{"start":{"line":111,"column":8},"end":{"line":111,"column":32}},"type":"binary-expr","locations":[{"start":{"line":111,"column":8},"end":{"line":111,"column":13}},{"start":{"line":111,"column":17},"end":{"line":111,"column":32}}]},"9":{"loc":{"start":{"line":113,"column":18},"end":{"line":113,"column":43}},"type":"binary-expr","locations":[{"start":{"line":113,"column":18},"end":{"line":113,"column":31}},{"start":{"line":113,"column":35},"end":{"line":113,"column":43}}]},"10":{"loc":{"start":{"line":114,"column":45},"end":{"line":114,"column":71}},"type":"cond-expr","locations":[{"start":{"line":114,"column":52},"end":{"line":114,"column":59}},{"start":{"line":114,"column":62},"end":{"line":114,"column":71}}]}},"s":{"0":4,"1":4,"2":10,"3":10,"4":1,"5":9,"6":8,"7":35,"8":8,"9":35,"10":8,"11":8,"12":30,"13":8,"14":8,"15":8,"16":35,"17":30,"18":5,"19":5,"20":5,"21":5,"22":8,"23":8,"24":8},"f":{"0":10,"1":35,"2":35,"3":30},"b":{"0":[10,1],"1":[1,9],"2":[8,3],"3":[5,3],"4":[30,5],"5":[5,0],"6":[5,4],"7":[5,0],"8":[5,1],"9":[8,4],"10":[4,4]}}
}
