{"total": {"lines":{"total":4119,"covered":3410,"skipped":0,"pct":82.78},"statements":{"total":4497,"covered":3693,"skipped":0,"pct":82.12},"functions":{"total":809,"covered":554,"skipped":0,"pct":68.47},"branches":{"total":2262,"covered":1834,"skipped":0,"pct":81.07},"branchesTrue":{"total":0,"covered":0,"skipped":0,"pct":100}}
,"/Users/johanneshoppe/Work/ordpool/ordpool-sdk/src/network.ts": {"lines":{"total":26,"covered":25,"skipped":0,"pct":96.15},"functions":{"total":4,"covered":4,"skipped":0,"pct":100},"statements":{"total":33,"covered":32,"skipped":0,"pct":96.96},"branches":{"total":20,"covered":19,"skipped":0,"pct":95}}
,"/Users/johanneshoppe/Work/ordpool/ordpool-sdk/src/agent-mode/agent-policy.helper.ts": {"lines":{"total":25,"covered":25,"skipped":0,"pct":100},"functions":{"total":4,"covered":4,"skipped":0,"pct":100},"statements":{"total":26,"covered":26,"skipped":0,"pct":100},"branches":{"total":47,"covered":47,"skipped":0,"pct":100}}
,"/Users/johanneshoppe/Work/ordpool/ordpool-sdk/src/cat21-broadcast/broadcast.helper.ts": {"lines":{"total":15,"covered":15,"skipped":0,"pct":100},"functions":{"total":2,"covered":2,"skipped":0,"pct":100},"statements":{"total":15,"covered":15,"skipped":0,"pct":100},"branches":{"total":8,"covered":7,"skipped":0,"pct":87.5}}
,"/Users/johanneshoppe/Work/ordpool/ordpool-sdk/src/cat21-broadcast/slipstream.helper.ts": {"lines":{"total":27,"covered":26,"skipped":0,"pct":96.29},"functions":{"total":3,"covered":3,"skipped":0,"pct":100},"statements":{"total":28,"covered":27,"skipped":0,"pct":96.42},"branches":{"total":25,"covered":22,"skipped":0,"pct":88}}
,"/Users/johanneshoppe/Work/ordpool/ordpool-sdk/src/cat21-core/accept-offer.core.ts": {"lines":{"total":19,"covered":19,"skipped":0,"pct":100},"functions":{"total":5,"covered":5,"skipped":0,"pct":100},"statements":{"total":19,"covered":19,"skipped":0,"pct":100},"branches":{"total":6,"covered":5,"skipped":0,"pct":83.33}}
,"/Users/johanneshoppe/Work/ordpool/ordpool-sdk/src/cat21-core/create-offer.core.ts": {"lines":{"total":47,"covered":45,"skipped":0,"pct":95.74},"functions":{"total":8,"covered":8,"skipped":0,"pct":100},"statements":{"total":49,"covered":47,"skipped":0,"pct":95.91},"branches":{"total":28,"covered":22,"skipped":0,"pct":78.57}}
,"/Users/johanneshoppe/Work/ordpool/ordpool-sdk/src/cat21-core/inscribe.core.ts": {"lines":{"total":36,"covered":33,"skipped":0,"pct":91.66},"functions":{"total":7,"covered":5,"skipped":0,"pct":71.42},"statements":{"total":38,"covered":33,"skipped":0,"pct":86.84},"branches":{"total":18,"covered":14,"skipped":0,"pct":77.77}}
,"/Users/johanneshoppe/Work/ordpool/ordpool-sdk/src/cat21-core/mint.core.ts": {"lines":{"total":46,"covered":44,"skipped":0,"pct":95.65},"functions":{"total":7,"covered":7,"skipped":0,"pct":100},"statements":{"total":47,"covered":45,"skipped":0,"pct":95.74},"branches":{"total":33,"covered":28,"skipped":0,"pct":84.84}}
,"/Users/johanneshoppe/Work/ordpool/ordpool-sdk/src/cat21-core/select-funding.ts": {"lines":{"total":20,"covered":20,"skipped":0,"pct":100},"functions":{"total":7,"covered":7,"skipped":0,"pct":100},"statements":{"total":22,"covered":22,"skipped":0,"pct":100},"branches":{"total":21,"covered":20,"skipped":0,"pct":95.23}}
,"/Users/johanneshoppe/Work/ordpool/ordpool-sdk/src/cat21-core/transfer.core.ts": {"lines":{"total":48,"covered":45,"skipped":0,"pct":93.75},"functions":{"total":8,"covered":8,"skipped":0,"pct":100},"statements":{"total":50,"covered":47,"skipped":0,"pct":94},"branches":{"total":32,"covered":27,"skipped":0,"pct":84.37}}
,"/Users/johanneshoppe/Work/ordpool/ordpool-sdk/src/cat21-fee/coin-selection.helper.ts": {"lines":{"total":14,"covered":14,"skipped":0,"pct":100},"functions":{"total":6,"covered":6,"skipped":0,"pct":100},"statements":{"total":16,"covered":16,"skipped":0,"pct":100},"branches":{"total":12,"covered":11,"skipped":0,"pct":91.66}}
,"/Users/johanneshoppe/Work/ordpool/ordpool-sdk/src/cat21-fee/compute-psbt-vsize.helper.ts": {"lines":{"total":18,"covered":18,"skipped":0,"pct":100},"functions":{"total":2,"covered":2,"skipped":0,"pct":100},"statements":{"total":19,"covered":19,"skipped":0,"pct":100},"branches":{"total":10,"covered":10,"skipped":0,"pct":100}}
,"/Users/johanneshoppe/Work/ordpool/ordpool-sdk/src/cat21-fee/dummy-keypair.ts": {"lines":{"total":26,"covered":26,"skipped":0,"pct":100},"functions":{"total":2,"covered":2,"skipped":0,"pct":100},"statements":{"total":27,"covered":27,"skipped":0,"pct":100},"branches":{"total":2,"covered":2,"skipped":0,"pct":100}}
,"/Users/johanneshoppe/Work/ordpool/ordpool-sdk/src/cat21-fee/funding-recommendation.service.ts": {"lines":{"total":15,"covered":14,"skipped":0,"pct":93.33},"functions":{"total":6,"covered":6,"skipped":0,"pct":100},"statements":{"total":17,"covered":16,"skipped":0,"pct":94.11},"branches":{"total":12,"covered":9,"skipped":0,"pct":75}}
,"/Users/johanneshoppe/Work/ordpool/ordpool-sdk/src/cat21-fee/funding-safety.ts": {"lines":{"total":24,"covered":24,"skipped":0,"pct":100},"functions":{"total":11,"covered":11,"skipped":0,"pct":100},"statements":{"total":30,"covered":30,"skipped":0,"pct":100},"branches":{"total":24,"covered":23,"skipped":0,"pct":95.83}}
,"/Users/johanneshoppe/Work/ordpool/ordpool-sdk/src/cat21-fee/min-relay-fee.ts": {"lines":{"total":2,"covered":2,"skipped":0,"pct":100},"functions":{"total":0,"covered":0,"skipped":0,"pct":100},"statements":{"total":2,"covered":2,"skipped":0,"pct":100},"branches":{"total":0,"covered":0,"skipped":0,"pct":100}}
,"/Users/johanneshoppe/Work/ordpool/ordpool-sdk/src/cat21-fee/ord-coin-select.ts": {"lines":{"total":72,"covered":70,"skipped":0,"pct":97.22},"functions":{"total":10,"covered":10,"skipped":0,"pct":100},"statements":{"total":79,"covered":74,"skipped":0,"pct":93.67},"branches":{"total":57,"covered":43,"skipped":0,"pct":75.43}}
,"/Users/johanneshoppe/Work/ordpool/ordpool-sdk/src/cat21-fee/resolve-cat-tx-fee.helper.ts": {"lines":{"total":12,"covered":12,"skipped":0,"pct":100},"functions":{"total":1,"covered":1,"skipped":0,"pct":100},"statements":{"total":16,"covered":16,"skipped":0,"pct":100},"branches":{"total":10,"covered":9,"skipped":0,"pct":90}}
,"/Users/johanneshoppe/Work/ordpool/ordpool-sdk/src/cat21-listing/build-listing-message.ts": {"lines":{"total":50,"covered":49,"skipped":0,"pct":98},"functions":{"total":8,"covered":8,"skipped":0,"pct":100},"statements":{"total":52,"covered":51,"skipped":0,"pct":98.07},"branches":{"total":43,"covered":42,"skipped":0,"pct":97.67}}
,"/Users/johanneshoppe/Work/ordpool/ordpool-sdk/src/cat21-listing/cat21-listing.types.ts": {"lines":{"total":1,"covered":1,"skipped":0,"pct":100},"functions":{"total":0,"covered":0,"skipped":0,"pct":100},"statements":{"total":1,"covered":1,"skipped":0,"pct":100},"branches":{"total":0,"covered":0,"skipped":0,"pct":100}}
,"/Users/johanneshoppe/Work/ordpool/ordpool-sdk/src/cat21-listing/verify-listing-signature.ts": {"lines":{"total":9,"covered":9,"skipped":0,"pct":100},"functions":{"total":1,"covered":1,"skipped":0,"pct":100},"statements":{"total":9,"covered":9,"skipped":0,"pct":100},"branches":{"total":0,"covered":0,"skipped":0,"pct":100}}
,"/Users/johanneshoppe/Work/ordpool/ordpool-sdk/src/cat21-mint/cat21-api.fetch.ts": {"lines":{"total":6,"covered":6,"skipped":0,"pct":100},"functions":{"total":2,"covered":2,"skipped":0,"pct":100},"statements":{"total":6,"covered":6,"skipped":0,"pct":100},"branches":{"total":0,"covered":0,"skipped":0,"pct":100}}
,"/Users/johanneshoppe/Work/ordpool/ordpool-sdk/src/cat21-mint/cat21-api.urls.ts": {"lines":{"total":6,"covered":6,"skipped":0,"pct":100},"functions":{"total":3,"covered":3,"skipped":0,"pct":100},"statements":{"total":6,"covered":6,"skipped":0,"pct":100},"branches":{"total":0,"covered":0,"skipped":0,"pct":100}}
,"/Users/johanneshoppe/Work/ordpool/ordpool-sdk/src/cat21-mint/cat21-mint-input-adapter.ts": {"lines":{"total":3,"covered":3,"skipped":0,"pct":100},"functions":{"total":1,"covered":1,"skipped":0,"pct":100},"statements":{"total":3,"covered":3,"skipped":0,"pct":100},"branches":{"total":0,"covered":0,"skipped":0,"pct":100}}
,"/Users/johanneshoppe/Work/ordpool/ordpool-sdk/src/cat21-mint/cat21-mint-orchestrator.ts": {"lines":{"total":97,"covered":92,"skipped":0,"pct":94.84},"functions":{"total":21,"covered":20,"skipped":0,"pct":95.23},"statements":{"total":105,"covered":99,"skipped":0,"pct":94.28},"branches":{"total":45,"covered":39,"skipped":0,"pct":86.66}}
,"/Users/johanneshoppe/Work/ordpool/ordpool-sdk/src/cat21-mint/cat21-mint.helper.ts": {"lines":{"total":44,"covered":41,"skipped":0,"pct":93.18},"functions":{"total":1,"covered":1,"skipped":0,"pct":100},"statements":{"total":47,"covered":43,"skipped":0,"pct":91.48},"branches":{"total":26,"covered":21,"skipped":0,"pct":80.76}}
,"/Users/johanneshoppe/Work/ordpool/ordpool-sdk/src/cat21-mint/cat21.service.helper.ts": {"lines":{"total":27,"covered":26,"skipped":0,"pct":96.29},"functions":{"total":8,"covered":8,"skipped":0,"pct":100},"statements":{"total":28,"covered":27,"skipped":0,"pct":96.42},"branches":{"total":4,"covered":3,"skipped":0,"pct":75}}
,"/Users/johanneshoppe/Work/ordpool/ordpool-sdk/src/cat21-mint/cat21.service.ts": {"lines":{"total":58,"covered":51,"skipped":0,"pct":87.93},"functions":{"total":20,"covered":17,"skipped":0,"pct":85},"statements":{"total":62,"covered":55,"skipped":0,"pct":88.7},"branches":{"total":8,"covered":8,"skipped":0,"pct":100}}
,"/Users/johanneshoppe/Work/ordpool/ordpool-sdk/src/cat21-mint/http-fetch.helper.ts": {"lines":{"total":14,"covered":14,"skipped":0,"pct":100},"functions":{"total":9,"covered":8,"skipped":0,"pct":88.88},"statements":{"total":18,"covered":17,"skipped":0,"pct":94.44},"branches":{"total":6,"covered":3,"skipped":0,"pct":50}}
,"/Users/johanneshoppe/Work/ordpool/ordpool-sdk/src/cat21-mint/pending-mints.helper.ts": {"lines":{"total":22,"covered":22,"skipped":0,"pct":100},"functions":{"total":4,"covered":4,"skipped":0,"pct":100},"statements":{"total":28,"covered":28,"skipped":0,"pct":100},"branches":{"total":18,"covered":16,"skipped":0,"pct":88.88}}
,"/Users/johanneshoppe/Work/ordpool/ordpool-sdk/src/cat21-mint/recommended-funding.helper.ts": {"lines":{"total":17,"covered":17,"skipped":0,"pct":100},"functions":{"total":2,"covered":2,"skipped":0,"pct":100},"statements":{"total":18,"covered":18,"skipped":0,"pct":100},"branches":{"total":2,"covered":2,"skipped":0,"pct":100}}
,"/Users/johanneshoppe/Work/ordpool/ordpool-sdk/src/cat21-mint/sat-rarity.helper.ts": {"lines":{"total":71,"covered":69,"skipped":0,"pct":97.18},"functions":{"total":7,"covered":7,"skipped":0,"pct":100},"statements":{"total":82,"covered":78,"skipped":0,"pct":95.12},"branches":{"total":39,"covered":35,"skipped":0,"pct":89.74}}
,"/Users/johanneshoppe/Work/ordpool/ordpool-sdk/src/cat21-mint/utxo-content-scanner.service.ts": {"lines":{"total":49,"covered":32,"skipped":0,"pct":65.3},"functions":{"total":14,"covered":9,"skipped":0,"pct":64.28},"statements":{"total":52,"covered":32,"skipped":0,"pct":61.53},"branches":{"total":23,"covered":7,"skipped":0,"pct":30.43}}
,"/Users/johanneshoppe/Work/ordpool/ordpool-sdk/src/cat21-mint/utxo-content.classify.ts": {"lines":{"total":19,"covered":19,"skipped":0,"pct":100},"functions":{"total":4,"covered":4,"skipped":0,"pct":100},"statements":{"total":22,"covered":22,"skipped":0,"pct":100},"branches":{"total":25,"covered":23,"skipped":0,"pct":92}}
,"/Users/johanneshoppe/Work/ordpool/ordpool-sdk/src/cat21-mint/utxo-content.types.ts": {"lines":{"total":13,"covered":9,"skipped":0,"pct":69.23},"functions":{"total":3,"covered":1,"skipped":0,"pct":33.33},"statements":{"total":13,"covered":9,"skipped":0,"pct":69.23},"branches":{"total":10,"covered":3,"skipped":0,"pct":30}}
,"/Users/johanneshoppe/Work/ordpool/ordpool-sdk/src/cat21-offer/cat21-accept-offer-orchestrator.ts": {"lines":{"total":89,"covered":83,"skipped":0,"pct":93.25},"functions":{"total":17,"covered":17,"skipped":0,"pct":100},"statements":{"total":96,"covered":87,"skipped":0,"pct":90.62},"branches":{"total":44,"covered":36,"skipped":0,"pct":81.81}}
,"/Users/johanneshoppe/Work/ordpool/ordpool-sdk/src/cat21-offer/cat21-create-offer-orchestrator.ts": {"lines":{"total":86,"covered":81,"skipped":0,"pct":94.18},"functions":{"total":22,"covered":19,"skipped":0,"pct":86.36},"statements":{"total":105,"covered":95,"skipped":0,"pct":90.47},"branches":{"total":65,"covered":55,"skipped":0,"pct":84.61}}
,"/Users/johanneshoppe/Work/ordpool/ordpool-sdk/src/cat21-offer/cat21-offer-input-adapter.ts": {"lines":{"total":3,"covered":3,"skipped":0,"pct":100},"functions":{"total":1,"covered":1,"skipped":0,"pct":100},"statements":{"total":3,"covered":3,"skipped":0,"pct":100},"branches":{"total":0,"covered":0,"skipped":0,"pct":100}}
,"/Users/johanneshoppe/Work/ordpool/ordpool-sdk/src/cat21-offer/cat21-offer.helper.ts": {"lines":{"total":128,"covered":112,"skipped":0,"pct":87.5},"functions":{"total":3,"covered":3,"skipped":0,"pct":100},"statements":{"total":136,"covered":119,"skipped":0,"pct":87.5},"branches":{"total":105,"covered":85,"skipped":0,"pct":80.95}}
,"/Users/johanneshoppe/Work/ordpool/ordpool-sdk/src/cat21-offer/cat21-offer.types.ts": {"lines":{"total":2,"covered":2,"skipped":0,"pct":100},"functions":{"total":0,"covered":0,"skipped":0,"pct":100},"statements":{"total":2,"covered":2,"skipped":0,"pct":100},"branches":{"total":0,"covered":0,"skipped":0,"pct":100}}
,"/Users/johanneshoppe/Work/ordpool/ordpool-sdk/src/cat21-offer/decode-pasted-psbt.ts": {"lines":{"total":8,"covered":8,"skipped":0,"pct":100},"functions":{"total":1,"covered":1,"skipped":0,"pct":100},"statements":{"total":10,"covered":10,"skipped":0,"pct":100},"branches":{"total":9,"covered":9,"skipped":0,"pct":100}}
,"/Users/johanneshoppe/Work/ordpool/ordpool-sdk/src/cat21-protocol/cat21-lock-time.ts": {"lines":{"total":4,"covered":3,"skipped":0,"pct":75},"functions":{"total":1,"covered":1,"skipped":0,"pct":100},"statements":{"total":4,"covered":3,"skipped":0,"pct":75},"branches":{"total":2,"covered":1,"skipped":0,"pct":50}}
,"/Users/johanneshoppe/Work/ordpool/ordpool-sdk/src/cat21-protocol/cat21-postage.ts": {"lines":{"total":1,"covered":1,"skipped":0,"pct":100},"functions":{"total":0,"covered":0,"skipped":0,"pct":100},"statements":{"total":1,"covered":1,"skipped":0,"pct":100},"branches":{"total":0,"covered":0,"skipped":0,"pct":100}}
,"/Users/johanneshoppe/Work/ordpool/ordpool-sdk/src/cat21-protocol/cat21-sequence.ts": {"lines":{"total":5,"covered":5,"skipped":0,"pct":100},"functions":{"total":1,"covered":1,"skipped":0,"pct":100},"statements":{"total":5,"covered":5,"skipped":0,"pct":100},"branches":{"total":2,"covered":2,"skipped":0,"pct":100}}
,"/Users/johanneshoppe/Work/ordpool/ordpool-sdk/src/cat21-script/address-format.ts": {"lines":{"total":57,"covered":56,"skipped":0,"pct":98.24},"functions":{"total":11,"covered":11,"skipped":0,"pct":100},"statements":{"total":72,"covered":69,"skipped":0,"pct":95.83},"branches":{"total":67,"covered":63,"skipped":0,"pct":94.02}}
,"/Users/johanneshoppe/Work/ordpool/ordpool-sdk/src/cat21-script/build-input-script.ts": {"lines":{"total":15,"covered":15,"skipped":0,"pct":100},"functions":{"total":1,"covered":1,"skipped":0,"pct":100},"statements":{"total":15,"covered":15,"skipped":0,"pct":100},"branches":{"total":10,"covered":10,"skipped":0,"pct":100}}
,"/Users/johanneshoppe/Work/ordpool/ordpool-sdk/src/cat21-script/prepare-cat21-input.ts": {"lines":{"total":39,"covered":38,"skipped":0,"pct":97.43},"functions":{"total":2,"covered":2,"skipped":0,"pct":100},"statements":{"total":39,"covered":38,"skipped":0,"pct":97.43},"branches":{"total":20,"covered":19,"skipped":0,"pct":95}}
,"/Users/johanneshoppe/Work/ordpool/ordpool-sdk/src/cat21-session/session-message.ts": {"lines":{"total":10,"covered":10,"skipped":0,"pct":100},"functions":{"total":2,"covered":2,"skipped":0,"pct":100},"statements":{"total":13,"covered":13,"skipped":0,"pct":100},"branches":{"total":6,"covered":6,"skipped":0,"pct":100}}
,"/Users/johanneshoppe/Work/ordpool/ordpool-sdk/src/cat21-share/permalink.helper.ts": {"lines":{"total":75,"covered":72,"skipped":0,"pct":96},"functions":{"total":19,"covered":19,"skipped":0,"pct":100},"statements":{"total":83,"covered":79,"skipped":0,"pct":95.18},"branches":{"total":57,"covered":53,"skipped":0,"pct":92.98}}
,"/Users/johanneshoppe/Work/ordpool/ordpool-sdk/src/cat21-transfer/cat21-transfer-input-adapter.ts": {"lines":{"total":5,"covered":5,"skipped":0,"pct":100},"functions":{"total":2,"covered":2,"skipped":0,"pct":100},"statements":{"total":5,"covered":5,"skipped":0,"pct":100},"branches":{"total":0,"covered":0,"skipped":0,"pct":100}}
,"/Users/johanneshoppe/Work/ordpool/ordpool-sdk/src/cat21-transfer/cat21-transfer-orchestrator.ts": {"lines":{"total":89,"covered":83,"skipped":0,"pct":93.25},"functions":{"total":20,"covered":18,"skipped":0,"pct":90},"statements":{"total":98,"covered":90,"skipped":0,"pct":91.83},"branches":{"total":50,"covered":42,"skipped":0,"pct":84}}
,"/Users/johanneshoppe/Work/ordpool/ordpool-sdk/src/cat21-transfer/cat21-transfer.helper.ts": {"lines":{"total":48,"covered":44,"skipped":0,"pct":91.66},"functions":{"total":1,"covered":1,"skipped":0,"pct":100},"statements":{"total":51,"covered":46,"skipped":0,"pct":90.19},"branches":{"total":20,"covered":17,"skipped":0,"pct":85}}
,"/Users/johanneshoppe/Work/ordpool/ordpool-sdk/src/cat21-transfer/cat21-transfer.types.ts": {"lines":{"total":2,"covered":2,"skipped":0,"pct":100},"functions":{"total":0,"covered":0,"skipped":0,"pct":100},"statements":{"total":2,"covered":2,"skipped":0,"pct":100},"branches":{"total":0,"covered":0,"skipped":0,"pct":100}}
,"/Users/johanneshoppe/Work/ordpool/ordpool-sdk/src/cat21-validation/cat21-operation-gate.ts": {"lines":{"total":186,"covered":181,"skipped":0,"pct":97.31},"functions":{"total":23,"covered":23,"skipped":0,"pct":100},"statements":{"total":217,"covered":208,"skipped":0,"pct":95.85},"branches":{"total":208,"covered":195,"skipped":0,"pct":93.75}}
,"/Users/johanneshoppe/Work/ordpool/ordpool-sdk/src/inscribe/brotli-wasm-encoder.ts": {"lines":{"total":15,"covered":15,"skipped":0,"pct":100},"functions":{"total":4,"covered":4,"skipped":0,"pct":100},"statements":{"total":16,"covered":16,"skipped":0,"pct":100},"branches":{"total":8,"covered":7,"skipped":0,"pct":87.5}}
,"/Users/johanneshoppe/Work/ordpool/ordpool-sdk/src/inscribe/brotli-wasm-glue.generated.ts": {"lines":{"total":238,"covered":93,"skipped":0,"pct":39.07},"functions":{"total":49,"covered":13,"skipped":0,"pct":26.53},"statements":{"total":242,"covered":93,"skipped":0,"pct":38.42},"branches":{"total":61,"covered":28,"skipped":0,"pct":45.9}}
,"/Users/johanneshoppe/Work/ordpool/ordpool-sdk/src/inscribe/inscribe-broadcast.helper.ts": {"lines":{"total":27,"covered":27,"skipped":0,"pct":100},"functions":{"total":6,"covered":4,"skipped":0,"pct":66.66},"statements":{"total":30,"covered":27,"skipped":0,"pct":90},"branches":{"total":15,"covered":11,"skipped":0,"pct":73.33}}
,"/Users/johanneshoppe/Work/ordpool/ordpool-sdk/src/inscribe/inscribe-child-orchestrator.ts": {"lines":{"total":17,"covered":17,"skipped":0,"pct":100},"functions":{"total":6,"covered":6,"skipped":0,"pct":100},"statements":{"total":19,"covered":19,"skipped":0,"pct":100},"branches":{"total":2,"covered":2,"skipped":0,"pct":100}}
,"/Users/johanneshoppe/Work/ordpool/ordpool-sdk/src/inscribe/inscribe-compression.helper.ts": {"lines":{"total":78,"covered":71,"skipped":0,"pct":91.02},"functions":{"total":12,"covered":10,"skipped":0,"pct":83.33},"statements":{"total":84,"covered":75,"skipped":0,"pct":89.28},"branches":{"total":41,"covered":32,"skipped":0,"pct":78.04}}
,"/Users/johanneshoppe/Work/ordpool/ordpool-sdk/src/inscribe/inscribe-mint-orchestrator.ts": {"lines":{"total":94,"covered":88,"skipped":0,"pct":93.61},"functions":{"total":16,"covered":14,"skipped":0,"pct":87.5},"statements":{"total":101,"covered":93,"skipped":0,"pct":92.07},"branches":{"total":46,"covered":40,"skipped":0,"pct":86.95}}
,"/Users/johanneshoppe/Work/ordpool/ordpool-sdk/src/inscribe/inscribe-orchestrator.ts": {"lines":{"total":17,"covered":17,"skipped":0,"pct":100},"functions":{"total":6,"covered":6,"skipped":0,"pct":100},"statements":{"total":19,"covered":19,"skipped":0,"pct":100},"branches":{"total":2,"covered":2,"skipped":0,"pct":100}}
,"/Users/johanneshoppe/Work/ordpool/ordpool-sdk/src/inscribe/inscription-cbor.ts": {"lines":{"total":99,"covered":92,"skipped":0,"pct":92.92},"functions":{"total":9,"covered":9,"skipped":0,"pct":100},"statements":{"total":120,"covered":111,"skipped":0,"pct":92.5},"branches":{"total":47,"covered":45,"skipped":0,"pct":95.74}}
,"/Users/johanneshoppe/Work/ordpool/ordpool-sdk/src/inscribe/inscription-child-reveal.helper.ts": {"lines":{"total":49,"covered":44,"skipped":0,"pct":89.79},"functions":{"total":1,"covered":1,"skipped":0,"pct":100},"statements":{"total":49,"covered":44,"skipped":0,"pct":89.79},"branches":{"total":26,"covered":18,"skipped":0,"pct":69.23}}
,"/Users/johanneshoppe/Work/ordpool/ordpool-sdk/src/inscribe/inscription-commit.helper.ts": {"lines":{"total":53,"covered":46,"skipped":0,"pct":86.79},"functions":{"total":1,"covered":1,"skipped":0,"pct":100},"statements":{"total":55,"covered":46,"skipped":0,"pct":83.63},"branches":{"total":36,"covered":27,"skipped":0,"pct":75}}
,"/Users/johanneshoppe/Work/ordpool/ordpool-sdk/src/inscribe/inscription-envelope.ts": {"lines":{"total":93,"covered":90,"skipped":0,"pct":96.77},"functions":{"total":8,"covered":8,"skipped":0,"pct":100},"statements":{"total":100,"covered":95,"skipped":0,"pct":95},"branches":{"total":53,"covered":48,"skipped":0,"pct":90.56}}
,"/Users/johanneshoppe/Work/ordpool/ordpool-sdk/src/inscribe/inscription-fee.helper.ts": {"lines":{"total":33,"covered":32,"skipped":0,"pct":96.96},"functions":{"total":2,"covered":2,"skipped":0,"pct":100},"statements":{"total":33,"covered":32,"skipped":0,"pct":96.96},"branches":{"total":8,"covered":7,"skipped":0,"pct":87.5}}
,"/Users/johanneshoppe/Work/ordpool/ordpool-sdk/src/inscribe/inscription-input-adapter.ts": {"lines":{"total":3,"covered":3,"skipped":0,"pct":100},"functions":{"total":1,"covered":1,"skipped":0,"pct":100},"statements":{"total":3,"covered":3,"skipped":0,"pct":100},"branches":{"total":0,"covered":0,"skipped":0,"pct":100}}
,"/Users/johanneshoppe/Work/ordpool/ordpool-sdk/src/inscribe/inscription-reveal.helper.ts": {"lines":{"total":32,"covered":30,"skipped":0,"pct":93.75},"functions":{"total":2,"covered":2,"skipped":0,"pct":100},"statements":{"total":34,"covered":30,"skipped":0,"pct":88.23},"branches":{"total":16,"covered":11,"skipped":0,"pct":68.75}}
,"/Users/johanneshoppe/Work/ordpool/ordpool-sdk/src/inscribe/inscription.service.helper.ts": {"lines":{"total":140,"covered":124,"skipped":0,"pct":88.57},"functions":{"total":5,"covered":5,"skipped":0,"pct":100},"statements":{"total":140,"covered":124,"skipped":0,"pct":88.57},"branches":{"total":96,"covered":72,"skipped":0,"pct":75}}
,"/Users/johanneshoppe/Work/ordpool/ordpool-sdk/src/inscribe-validation/inscribe-operation-gate.ts": {"lines":{"total":120,"covered":110,"skipped":0,"pct":91.66},"functions":{"total":11,"covered":11,"skipped":0,"pct":100},"statements":{"total":125,"covered":115,"skipped":0,"pct":92},"branches":{"total":123,"covered":109,"skipped":0,"pct":88.61}}
,"/Users/johanneshoppe/Work/ordpool/ordpool-sdk/src/testing/fixtures.ts": {"lines":{"total":10,"covered":8,"skipped":0,"pct":80},"functions":{"total":3,"covered":1,"skipped":0,"pct":33.33},"statements":{"total":10,"covered":8,"skipped":0,"pct":80},"branches":{"total":3,"covered":1,"skipped":0,"pct":33.33}}
,"/Users/johanneshoppe/Work/ordpool/ordpool-sdk/src/wallet/address-types.ts": {"lines":{"total":11,"covered":11,"skipped":0,"pct":100},"functions":{"total":4,"covered":4,"skipped":0,"pct":100},"statements":{"total":11,"covered":11,"skipped":0,"pct":100},"branches":{"total":4,"covered":4,"skipped":0,"pct":100}}
,"/Users/johanneshoppe/Work/ordpool/ordpool-sdk/src/wallet/network-address-shim.ts": {"lines":{"total":40,"covered":38,"skipped":0,"pct":95},"functions":{"total":6,"covered":6,"skipped":0,"pct":100},"statements":{"total":43,"covered":41,"skipped":0,"pct":95.34},"branches":{"total":35,"covered":31,"skipped":0,"pct":88.57}}
,"/Users/johanneshoppe/Work/ordpool/ordpool-sdk/src/wallet/psbt-extract.ts": {"lines":{"total":20,"covered":18,"skipped":0,"pct":90},"functions":{"total":3,"covered":1,"skipped":0,"pct":33.33},"statements":{"total":22,"covered":19,"skipped":0,"pct":86.36},"branches":{"total":12,"covered":10,"skipped":0,"pct":83.33}}
,"/Users/johanneshoppe/Work/ordpool/ordpool-sdk/src/wallet/sighash.ts": {"lines":{"total":4,"covered":2,"skipped":0,"pct":50},"functions":{"total":1,"covered":0,"skipped":0,"pct":0},"statements":{"total":4,"covered":2,"skipped":0,"pct":50},"branches":{"total":6,"covered":0,"skipped":0,"pct":0}}
,"/Users/johanneshoppe/Work/ordpool/ordpool-sdk/src/wallet/verify-bip322-signature.ts": {"lines":{"total":74,"covered":70,"skipped":0,"pct":94.59},"functions":{"total":7,"covered":7,"skipped":0,"pct":100},"statements":{"total":76,"covered":71,"skipped":0,"pct":93.42},"branches":{"total":39,"covered":32,"skipped":0,"pct":82.05}}
,"/Users/johanneshoppe/Work/ordpool/ordpool-sdk/src/wallet/wallet-capabilities.ts": {"lines":{"total":37,"covered":37,"skipped":0,"pct":100},"functions":{"total":11,"covered":11,"skipped":0,"pct":100},"statements":{"total":42,"covered":41,"skipped":0,"pct":97.61},"branches":{"total":25,"covered":24,"skipped":0,"pct":96}}
,"/Users/johanneshoppe/Work/ordpool/ordpool-sdk/src/wallet/wallet-deeplink.ts": {"lines":{"total":5,"covered":5,"skipped":0,"pct":100},"functions":{"total":1,"covered":1,"skipped":0,"pct":100},"statements":{"total":5,"covered":5,"skipped":0,"pct":100},"branches":{"total":2,"covered":2,"skipped":0,"pct":100}}
,"/Users/johanneshoppe/Work/ordpool/ordpool-sdk/src/wallet/wallet-logos.ts": {"lines":{"total":1,"covered":1,"skipped":0,"pct":100},"functions":{"total":0,"covered":0,"skipped":0,"pct":100},"statements":{"total":1,"covered":1,"skipped":0,"pct":100},"branches":{"total":0,"covered":0,"skipped":0,"pct":100}}
,"/Users/johanneshoppe/Work/ordpool/ordpool-sdk/src/wallet/wallet.service.helper.ts": {"lines":{"total":80,"covered":69,"skipped":0,"pct":86.25},"functions":{"total":27,"covered":22,"skipped":0,"pct":81.48},"statements":{"total":94,"covered":81,"skipped":0,"pct":86.17},"branches":{"total":40,"covered":30,"skipped":0,"pct":75}}
,"/Users/johanneshoppe/Work/ordpool/ordpool-sdk/src/wallet/wallet.service.ts": {"lines":{"total":103,"covered":45,"skipped":0,"pct":43.68},"functions":{"total":41,"covered":15,"skipped":0,"pct":36.58},"statements":{"total":114,"covered":52,"skipped":0,"pct":45.61},"branches":{"total":49,"covered":30,"skipped":0,"pct":61.22}}
,"/Users/johanneshoppe/Work/ordpool/ordpool-sdk/src/wallet/wallet.service.types.ts": {"lines":{"total":13,"covered":13,"skipped":0,"pct":100},"functions":{"total":1,"covered":1,"skipped":0,"pct":100},"statements":{"total":13,"covered":13,"skipped":0,"pct":100},"branches":{"total":2,"covered":2,"skipped":0,"pct":100}}
,"/Users/johanneshoppe/Work/ordpool/ordpool-sdk/src/wallet/connectors/alby.connector.ts": {"lines":{"total":30,"covered":5,"skipped":0,"pct":16.66},"functions":{"total":4,"covered":1,"skipped":0,"pct":25},"statements":{"total":33,"covered":5,"skipped":0,"pct":15.15},"branches":{"total":25,"covered":0,"skipped":0,"pct":0}}
,"/Users/johanneshoppe/Work/ordpool/ordpool-sdk/src/wallet/connectors/binance.connector.ts": {"lines":{"total":19,"covered":12,"skipped":0,"pct":63.15},"functions":{"total":7,"covered":4,"skipped":0,"pct":57.14},"statements":{"total":21,"covered":14,"skipped":0,"pct":66.66},"branches":{"total":4,"covered":4,"skipped":0,"pct":100}}
,"/Users/johanneshoppe/Work/ordpool/ordpool-sdk/src/wallet/connectors/cat21wallet.connector.ts": {"lines":{"total":13,"covered":6,"skipped":0,"pct":46.15},"functions":{"total":3,"covered":1,"skipped":0,"pct":33.33},"statements":{"total":13,"covered":6,"skipped":0,"pct":46.15},"branches":{"total":2,"covered":0,"skipped":0,"pct":0}}
,"/Users/johanneshoppe/Work/ordpool/ordpool-sdk/src/wallet/connectors/index.ts": {"lines":{"total":25,"covered":25,"skipped":0,"pct":100},"functions":{"total":10,"covered":1,"skipped":0,"pct":10},"statements":{"total":34,"covered":34,"skipped":0,"pct":100},"branches":{"total":3,"covered":3,"skipped":0,"pct":100}}
,"/Users/johanneshoppe/Work/ordpool/ordpool-sdk/src/wallet/connectors/leather.connector.ts": {"lines":{"total":9,"covered":7,"skipped":0,"pct":77.77},"functions":{"total":3,"covered":1,"skipped":0,"pct":33.33},"statements":{"total":9,"covered":7,"skipped":0,"pct":77.77},"branches":{"total":2,"covered":0,"skipped":0,"pct":0}}
,"/Users/johanneshoppe/Work/ordpool/ordpool-sdk/src/wallet/connectors/okx.connector.ts": {"lines":{"total":22,"covered":14,"skipped":0,"pct":63.63},"functions":{"total":8,"covered":4,"skipped":0,"pct":50},"statements":{"total":24,"covered":16,"skipped":0,"pct":66.66},"branches":{"total":6,"covered":4,"skipped":0,"pct":66.66}}
,"/Users/johanneshoppe/Work/ordpool/ordpool-sdk/src/wallet/connectors/phantom.connector.ts": {"lines":{"total":15,"covered":12,"skipped":0,"pct":80},"functions":{"total":6,"covered":4,"skipped":0,"pct":66.66},"statements":{"total":17,"covered":14,"skipped":0,"pct":82.35},"branches":{"total":4,"covered":4,"skipped":0,"pct":100}}
,"/Users/johanneshoppe/Work/ordpool/ordpool-sdk/src/wallet/connectors/unisat.connector.ts": {"lines":{"total":22,"covered":14,"skipped":0,"pct":63.63},"functions":{"total":8,"covered":4,"skipped":0,"pct":50},"statements":{"total":24,"covered":16,"skipped":0,"pct":66.66},"branches":{"total":6,"covered":4,"skipped":0,"pct":66.66}}
,"/Users/johanneshoppe/Work/ordpool/ordpool-sdk/src/wallet/connectors/wizz.connector.ts": {"lines":{"total":22,"covered":14,"skipped":0,"pct":63.63},"functions":{"total":8,"covered":3,"skipped":0,"pct":37.5},"statements":{"total":24,"covered":14,"skipped":0,"pct":58.33},"branches":{"total":6,"covered":3,"skipped":0,"pct":50}}
,"/Users/johanneshoppe/Work/ordpool/ordpool-sdk/src/wallet/connectors/xverse.connector.ts": {"lines":{"total":21,"covered":11,"skipped":0,"pct":52.38},"functions":{"total":12,"covered":3,"skipped":0,"pct":25},"statements":{"total":27,"covered":12,"skipped":0,"pct":44.44},"branches":{"total":0,"covered":0,"skipped":0,"pct":100}}
,"/Users/johanneshoppe/Work/ordpool/ordpool-sdk/src/wallet/signers/alby.signer.ts": {"lines":{"total":22,"covered":8,"skipped":0,"pct":36.36},"functions":{"total":8,"covered":0,"skipped":0,"pct":0},"statements":{"total":23,"covered":8,"skipped":0,"pct":34.78},"branches":{"total":2,"covered":0,"skipped":0,"pct":0}}
,"/Users/johanneshoppe/Work/ordpool/ordpool-sdk/src/wallet/signers/binance.signer.ts": {"lines":{"total":32,"covered":12,"skipped":0,"pct":37.5},"functions":{"total":6,"covered":1,"skipped":0,"pct":16.66},"statements":{"total":32,"covered":12,"skipped":0,"pct":37.5},"branches":{"total":0,"covered":0,"skipped":0,"pct":100}}
,"/Users/johanneshoppe/Work/ordpool/ordpool-sdk/src/wallet/signers/cat21wallet.signer.ts": {"lines":{"total":44,"covered":30,"skipped":0,"pct":68.18},"functions":{"total":15,"covered":7,"skipped":0,"pct":46.66},"statements":{"total":50,"covered":35,"skipped":0,"pct":70},"branches":{"total":4,"covered":0,"skipped":0,"pct":0}}
,"/Users/johanneshoppe/Work/ordpool/ordpool-sdk/src/wallet/signers/child-reveal-finalize.helper.ts": {"lines":{"total":23,"covered":22,"skipped":0,"pct":95.65},"functions":{"total":3,"covered":3,"skipped":0,"pct":100},"statements":{"total":26,"covered":25,"skipped":0,"pct":96.15},"branches":{"total":6,"covered":4,"skipped":0,"pct":66.66}}
,"/Users/johanneshoppe/Work/ordpool/ordpool-sdk/src/wallet/signers/index.ts": {"lines":{"total":28,"covered":28,"skipped":0,"pct":100},"functions":{"total":13,"covered":4,"skipped":0,"pct":30.76},"statements":{"total":39,"covered":39,"skipped":0,"pct":100},"branches":{"total":2,"covered":2,"skipped":0,"pct":100}}
,"/Users/johanneshoppe/Work/ordpool/ordpool-sdk/src/wallet/signers/leather.signer.ts": {"lines":{"total":45,"covered":12,"skipped":0,"pct":26.66},"functions":{"total":17,"covered":0,"skipped":0,"pct":0},"statements":{"total":52,"covered":12,"skipped":0,"pct":23.07},"branches":{"total":0,"covered":0,"skipped":0,"pct":100}}
,"/Users/johanneshoppe/Work/ordpool/ordpool-sdk/src/wallet/signers/okx.signer.ts": {"lines":{"total":38,"covered":11,"skipped":0,"pct":28.94},"functions":{"total":8,"covered":0,"skipped":0,"pct":0},"statements":{"total":38,"covered":11,"skipped":0,"pct":28.94},"branches":{"total":4,"covered":0,"skipped":0,"pct":0}}
,"/Users/johanneshoppe/Work/ordpool/ordpool-sdk/src/wallet/signers/operation-named-defaults.ts": {"lines":{"total":14,"covered":12,"skipped":0,"pct":85.71},"functions":{"total":9,"covered":7,"skipped":0,"pct":77.77},"statements":{"total":14,"covered":12,"skipped":0,"pct":85.71},"branches":{"total":0,"covered":0,"skipped":0,"pct":100}}
,"/Users/johanneshoppe/Work/ordpool/ordpool-sdk/src/wallet/signers/phantom.signer.ts": {"lines":{"total":22,"covered":8,"skipped":0,"pct":36.36},"functions":{"total":7,"covered":0,"skipped":0,"pct":0},"statements":{"total":24,"covered":8,"skipped":0,"pct":33.33},"branches":{"total":0,"covered":0,"skipped":0,"pct":100}}
,"/Users/johanneshoppe/Work/ordpool/ordpool-sdk/src/wallet/signers/psbt-export.signer.ts": {"lines":{"total":28,"covered":22,"skipped":0,"pct":78.57},"functions":{"total":11,"covered":6,"skipped":0,"pct":54.54},"statements":{"total":34,"covered":25,"skipped":0,"pct":73.52},"branches":{"total":10,"covered":6,"skipped":0,"pct":60}}
,"/Users/johanneshoppe/Work/ordpool/ordpool-sdk/src/wallet/signers/signing-targets.helper.ts": {"lines":{"total":5,"covered":4,"skipped":0,"pct":80},"functions":{"total":2,"covered":2,"skipped":0,"pct":100},"statements":{"total":6,"covered":5,"skipped":0,"pct":83.33},"branches":{"total":6,"covered":5,"skipped":0,"pct":83.33}}
,"/Users/johanneshoppe/Work/ordpool/ordpool-sdk/src/wallet/signers/unisat.signer.ts": {"lines":{"total":39,"covered":11,"skipped":0,"pct":28.2},"functions":{"total":8,"covered":0,"skipped":0,"pct":0},"statements":{"total":40,"covered":11,"skipped":0,"pct":27.5},"branches":{"total":4,"covered":0,"skipped":0,"pct":0}}
,"/Users/johanneshoppe/Work/ordpool/ordpool-sdk/src/wallet/signers/unsupported-sign-message.ts": {"lines":{"total":4,"covered":4,"skipped":0,"pct":100},"functions":{"total":3,"covered":3,"skipped":0,"pct":100},"statements":{"total":5,"covered":5,"skipped":0,"pct":100},"branches":{"total":0,"covered":0,"skipped":0,"pct":100}}
,"/Users/johanneshoppe/Work/ordpool/ordpool-sdk/src/wallet/signers/wizz.signer.ts": {"lines":{"total":37,"covered":11,"skipped":0,"pct":29.72},"functions":{"total":6,"covered":0,"skipped":0,"pct":0},"statements":{"total":37,"covered":11,"skipped":0,"pct":29.72},"branches":{"total":4,"covered":0,"skipped":0,"pct":0}}
,"/Users/johanneshoppe/Work/ordpool/ordpool-sdk/src/wallet/signers/wrap-sign-message.ts": {"lines":{"total":3,"covered":2,"skipped":0,"pct":66.66},"functions":{"total":3,"covered":0,"skipped":0,"pct":0},"statements":{"total":5,"covered":2,"skipped":0,"pct":40},"branches":{"total":0,"covered":0,"skipped":0,"pct":100}}
,"/Users/johanneshoppe/Work/ordpool/ordpool-sdk/src/wallet/signers/xverse.signer.ts": {"lines":{"total":59,"covered":13,"skipped":0,"pct":22.03},"functions":{"total":29,"covered":0,"skipped":0,"pct":0},"statements":{"total":64,"covered":13,"skipped":0,"pct":20.31},"branches":{"total":18,"covered":0,"skipped":0,"pct":0}}
,"/Users/johanneshoppe/Work/ordpool/ordpool-sdk/src/wallet/xpub/cats-at-address.ts": {"lines":{"total":11,"covered":11,"skipped":0,"pct":100},"functions":{"total":2,"covered":2,"skipped":0,"pct":100},"statements":{"total":12,"covered":12,"skipped":0,"pct":100},"branches":{"total":6,"covered":6,"skipped":0,"pct":100}}
,"/Users/johanneshoppe/Work/ordpool/ordpool-sdk/src/wallet/xpub/classify-outpoint.ts": {"lines":{"total":9,"covered":9,"skipped":0,"pct":100},"functions":{"total":2,"covered":2,"skipped":0,"pct":100},"statements":{"total":9,"covered":9,"skipped":0,"pct":100},"branches":{"total":2,"covered":2,"skipped":0,"pct":100}}
,"/Users/johanneshoppe/Work/ordpool/ordpool-sdk/src/wallet/xpub/derive-watch-only.ts": {"lines":{"total":64,"covered":60,"skipped":0,"pct":93.75},"functions":{"total":6,"covered":6,"skipped":0,"pct":100},"statements":{"total":68,"covered":61,"skipped":0,"pct":89.7},"branches":{"total":34,"covered":26,"skipped":0,"pct":76.47}}
,"/Users/johanneshoppe/Work/ordpool/ordpool-sdk/src/wallet/xpub/make-watch-only-probe.ts": {"lines":{"total":19,"covered":18,"skipped":0,"pct":94.73},"functions":{"total":6,"covered":6,"skipped":0,"pct":100},"statements":{"total":21,"covered":20,"skipped":0,"pct":95.23},"branches":{"total":4,"covered":3,"skipped":0,"pct":75}}
,"/Users/johanneshoppe/Work/ordpool/ordpool-sdk/src/wallet/xpub/scan-watch-only.ts": {"lines":{"total":19,"covered":19,"skipped":0,"pct":100},"functions":{"total":4,"covered":4,"skipped":0,"pct":100},"statements":{"total":25,"covered":25,"skipped":0,"pct":100},"branches":{"total":22,"covered":20,"skipped":0,"pct":90.9}}
}
